        24              0              0              0              3
         0
         2            OS               1              0            PP 
 NTAU IN OLDSTA,MOLOLD =           48           1
  THE PARAMETERS CHOSEN IN parameter.inc:
  NDP,NRAYS,mkomp,mkompr,ifadim,NWL,mtemp,mpe=
    100    160     27     16   1100  35500     12      1
  NTAU,JTAU at beginning of MAINB =          48           0
         3100.0            4.5                                          0.1
        10             1.0E+08          300.0            1.0         0
         1             1.5E-08         1         0         1
        20              0             10            100                  2.
  lops =            0    nops =            1
             2.             0.             8.             0.             0.
         4              5              3
  NTAU,JTAU in MAINB =           48          48
 NTAU,JTAU at end of MAINB =          48          48
0* MODEL PARAMETERS

                    TEFF   =     3100.          LOG (L/LSUN)=-2.15          BOLOM. MAGN.= 10.09
                    LOG G  =      4.50          LOG (ATM/R) =-2.80          LOG (R/RSUN)=-0.53
                    M/MSUN =       0.1

                    PALFA  =      2.00
                    PBETA  =      0.00
                    PNY    =        8.
                    PY     =     0.076

                    NOCONV =        10
                    MIHAL  =   20
                    KONSG  =    0  KORT  =   10  KPP  =  100
                    MYPNTS =         4(no use for spherical)
                    FACPLY =     1.000
                    XMAX   =  1.00E+08
                    TAUM   =    300.00
                    METBL  =         0

                    NCORE  =         5
                    KDIFF  =         3
Abundances of H,He,C,N,O,Fe:
  12.00  10.93   8.39   7.78   8.66   7.45
  abund(1-17):
   12.0000   10.9300    1.0500    1.3800    2.7000    8.3900
    7.7800    8.6600    4.5600    7.8400    6.1700    7.5300
    6.3700    7.5100    5.3600    7.1400    5.5000
0IELEM AND ION = 1 OR 0 MEANS ELEMENT AND IONIZATION STAGE SHOULD BE CONSIDERED OR DISREGARDED RESP.
0PF=2 FULL PART. FUNC., =1 PART. FUNC. TO BE INTERPOLATED IN T, =0 CONSTANT PART. FUNC.
,ASYMPTOTIC PARTS OF PART. FUNC. FOLLOWING FISCHEL AND SPARKS 1971
0PARTITION FUNCTIONS SUPPLIED BY THE USER
0MOLECULES CONSIDERED BELOW T= 15000. KELVIN
0MOLECULES CONSIDERED:  H2, H2+, H2O, OH, CH, CO, CN, C2, N2, O2, NO, NH
0XMY=GRAMS STELLAR MATTER/GRAMS OF HYDROGEN= 1.3544     SUMH=NUMBER OF OTHER ATOMS/NUMBER OF H= 0.08606
  We did a resolution based set of os wavenumbers
 Total  10598 OS wavenumbers for Marcs radiative transf.
 Approximate resolution is   2000. (corresponding to step factor10.00050)
 OS interval:  400.0-  80004.0 cm^-1 (= 0.12- 25.0mu)
 Marcs OS wavenumbers established:
 There will be   10598 frequency points from wnos(1)=   400.00 to wnos(nwtot)= 80004.01 in radiative transfer
 im,molname(im) =   1                                         C2  
 im,molname(im) =   2                                         CaH 
 im,molname(im) =   3                                         CH  
 im,molname(im) =   4                                         CN  
 im,molname(im) =   5                                         CO  
 im,molname(im) =   6                                         CO2 
 im,molname(im) =   7                                         FeH 
 im,molname(im) =   8                                         H2O 
 im,molname(im) =   9                                         HCN 
 im,molname(im) =  10                                         MgH 
 im,molname(im) =  11                                         NH  
 im,molname(im) =  12                                         OH  
 im,molname(im) =  13                                         SiH 
 im,molname(im) =  14                                         SiO 
 im,molname(im) =  15                                         TiH 
 im,molname(im) =  16                                         TiO 
 im,molname(im) =  17                                         CrH 
 im,molname(im) =  18                                         NO  
 im,molname(im) =  19                                         LiH 
 im,molname(im) =  20                                         VO  
 im,molname(im) =  21                                         ZrO 
 im,molname(im) =  22                                         H2  
 im,molname(im) =  23                                         at1d
  IM for metals =            0
  **** NOW ITERATION            1  IS STARTING ****
  nkomp,nprova,nprovs =           27          13           3
  the names of the abs and scat components are:

H-      H BF G1 (H+H)   H2+     H2-     C I     MG I    AL I    SI I    HE I    
HE-     H2PR    HEPR    ELSC    H-SC    H2SC    
 time when starting OSTABLOOK:
 Total time spent:  0.04 sec. Added time:  0.04 sec.
 Number of elements read into eqmol from tsuji.atoms:           38
  after call to JON loop (11) in OSTABLOOK
 nm=  1 for molecule: C2   with presmo index  9
 CONS=0; idmol,it,t=   9   1  2093. because partp,akapmol=  1.50E-24  9.73E-23
 CONS=/0; con0wr,idmol,it=   5401   9  13; partp,akapmol=   1.123E-21   2.350E+03
 We assigned opacity data for  9913 OS frequency points, out of 10598 OS freq. in total
  jvlast,jvfirst =        9913           2
 SSD (sum wn-wnmol/  9913) for C2   was:  3.2241E-01
 INTEGRATED ABS.COF. IN CM/MOL FOR C2  
 1.122E+10 1.123E+10 1.125E+10 1.127E+10 1.130E+10 1.133E+10 1.136E+10 1.139E+10
 1.143E+10 1.147E+10 1.151E+10 1.156E+10 1.161E+10 1.166E+10 1.172E+10 1.177E+10
 1.183E+10 1.189E+10 1.196E+10 1.204E+10 1.212E+10 1.219E+10 1.226E+10 1.232E+10
 1.238E+10 1.243E+10 1.248E+10 1.253E+10 1.257E+10 1.261E+10 1.265E+10 1.268E+10
 1.271E+10 1.273E+10 1.275E+10 1.277E+10 1.278E+10 1.279E+10 1.280E+10 1.281E+10
 1.283E+10 1.284E+10 1.285E+10 1.285E+10 1.285E+10 1.285E+10 1.285E+10 1.285E+10
 INTEGRATED OPACITY IN CM/g* FOR C2  
 1.685E-14 2.695E-14 4.370E-14 7.212E-14 1.210E-13 2.062E-13 3.566E-13 6.252E-13
 1.112E-12 2.005E-12 3.677E-12 6.861E-12 1.304E-11 2.522E-11 4.959E-11 9.907E-11
 2.010E-10 4.149E-10 8.967E-10 2.135E-09 4.937E-09 1.115E-08 2.468E-08 5.360E-08
 1.145E-07 2.413E-07 5.021E-07 1.034E-06 2.110E-06 4.275E-06 8.613E-06 1.726E-05
 3.439E-05 6.812E-05 1.340E-04 2.613E-04 5.043E-04 9.623E-04 1.815E-03 3.381E-03
 6.228E-03 1.135E-02 2.048E-02 3.661E-02 6.497E-02 1.145E-01 2.004E-01 3.488E-01
 nm=  2 for molecule: CaH  with presmo index215
 CONS=0; idmol,it,t= 215   1  2093. because partp,akapmol=  2.87E-11  1.00E-25
 CONS=/0; con0wr,idmol,it=    191 215  10; partp,akapmol=   1.608E-10   1.035E-33
 CONS=/0; con0wr,idmol,it=    201 215  20; partp,akapmol=   9.749E-10   7.952E-33
 CONS=/0; con0wr,idmol,it=    211 215  30; partp,akapmol=   3.452E-09   1.752E-31
 CONS=/0; con0wr,idmol,it=    221 215  40; partp,akapmol=   4.901E-09   3.825E-30
 CONS=/0; con0wr,idmol,it=   8143 215  10; partp,akapmol=   1.608E-10   5.352E-28
 CONS=/0; con0wr,idmol,it=   8153 215  20; partp,akapmol=   9.749E-10   3.427E-27
 CONS=/0; con0wr,idmol,it=   8163 215  30; partp,akapmol=   3.452E-09   5.284E-26
 CONS=/0; con0wr,idmol,it=  18475 215  10; partp,akapmol=   1.608E-10   8.589E-43
 CONS=/0; con0wr,idmol,it=  18485 215  20; partp,akapmol=   9.749E-10   7.236E-42
 CONS=/0; con0wr,idmol,it=  18495 215  30; partp,akapmol=   3.452E-09   1.239E-40
 CONS=/0; con0wr,idmol,it=  18505 215  40; partp,akapmol=   4.901E-09   2.518E-39
 CONS=/0; con0wr,idmol,it=  19289 215  10; partp,akapmol=   1.608E-10   5.608E-38
 CONS=/0; con0wr,idmol,it=  19299 215  20; partp,akapmol=   9.749E-10   2.019E-37
 CONS=/0; con0wr,idmol,it=  19309 215  30; partp,akapmol=   3.452E-09   1.551E-36
 CONS=/0; con0wr,idmol,it=  19319 215  40; partp,akapmol=   4.901E-09   1.660E-35
 CONS=/0; con0wr,idmol,it=  20194 215  13; partp,akapmol=   2.801E-10   2.950E-07
 We assigned opacity data for  8968 OS frequency points, out of 10598 OS freq. in total
  jvlast,jvfirst =        8968           2
 SSD (sum wn-wnmol/  8968) for CaH  was:  2.2127E-01
 INTEGRATED ABS.COF. IN CM/MOL FOR CaH 
 8.374E+10 8.377E+10 8.380E+10 8.384E+10 8.389E+10 8.394E+10 8.400E+10 8.406E+10
 8.413E+10 8.420E+10 8.428E+10 8.436E+10 8.444E+10 8.452E+10 8.461E+10 8.470E+10
 8.479E+10 8.489E+10 8.501E+10 8.517E+10 8.537E+10 8.561E+10 8.591E+10 8.629E+10
 8.677E+10 8.734E+10 8.800E+10 8.876E+10 8.961E+10 9.056E+10 9.161E+10 9.275E+10
 9.398E+10 9.530E+10 9.670E+10 9.816E+10 9.968E+10 1.012E+11 1.028E+11 1.044E+11
 1.060E+11 1.076E+11 1.090E+11 1.090E+11 1.090E+11 1.090E+11 1.090E+11 1.090E+11
 INTEGRATED OPACITY IN CM/g* FOR CaH 
 2.401E+00 2.941E+00 3.580E+00 4.347E+00 5.268E+00 6.375E+00 7.707E+00 9.307E+00
 1.123E+01 1.354E+01 1.632E+01 1.965E+01 2.365E+01 2.843E+01 3.415E+01 4.096E+01
 4.905E+01 5.862E+01 6.991E+01 8.304E+01 9.787E+01 1.145E+02 1.331E+02 1.536E+02
 1.761E+02 2.006E+02 2.267E+02 2.544E+02 2.832E+02 3.126E+02 3.420E+02 3.707E+02
 3.979E+02 4.229E+02 4.452E+02 4.645E+02 4.806E+02 4.938E+02 5.041E+02 5.118E+02
 5.173E+02 5.208E+02 5.218E+02 5.151E+02 5.077E+02 4.997E+02 4.912E+02 4.824E+02
 nm=  3 for molecule: CH   with presmo index  6
 CONS=0; idmol,it,t=   6   1  2093. because partp,akapmol=  1.62E-16  2.12E-20
 CONS=/0; con0wr,idmol,it=   2136   6  10; partp,akapmol=   3.127E-15   2.340E-23
 CONS=/0; con0wr,idmol,it=   2146   6  20; partp,akapmol=   3.333E-13   2.106E-22
 CONS=/0; con0wr,idmol,it=   4664   6  10; partp,akapmol=   3.127E-15   8.162E-23
 CONS=/0; con0wr,idmol,it=   4674   6  20; partp,akapmol=   3.333E-13   8.158E-22
 CONS=/0; con0wr,idmol,it=  14369   6  10; partp,akapmol=   3.127E-15   3.539E-46
 CONS=/0; con0wr,idmol,it=  14379   6  20; partp,akapmol=   3.333E-13   1.501E-43
 CONS=/0; con0wr,idmol,it=  14389   6  30; partp,akapmol=   6.398E-11   1.063E-40
 CONS=/0; con0wr,idmol,it=  14399   6  40; partp,akapmol=   5.466E-09   6.642E-38
 CONS=/0; con0wr,idmol,it=  30677   6  13; partp,akapmol=   1.054E-14   7.264E-37
 We assigned opacity data for  9167 OS frequency points, out of 10598 OS freq. in total
  jvlast,jvfirst =        9167           2
 SSD (sum wn-wnmol/  9167) for CH   was:  2.3936E-01
 INTEGRATED ABS.COF. IN CM/MOL FOR CH  
 4.597E+09 4.600E+09 4.604E+09 4.609E+09 4.615E+09 4.622E+09 4.629E+09 4.638E+09
 4.647E+09 4.657E+09 4.669E+09 4.681E+09 4.695E+09 4.711E+09 4.728E+09 4.747E+09
 4.768E+09 4.790E+09 4.817E+09 4.852E+09 4.888E+09 4.925E+09 4.963E+09 5.003E+09
 5.044E+09 5.086E+09 5.130E+09 5.176E+09 5.223E+09 5.271E+09 5.320E+09 5.370E+09
 5.421E+09 5.473E+09 5.526E+09 5.579E+09 5.633E+09 5.687E+09 5.742E+09 5.798E+09
 5.855E+09 5.915E+09 5.972E+09 5.972E+09 5.972E+09 5.972E+09 5.972E+09 5.972E+09
 INTEGRATED OPACITY IN CM/g* FOR CH  
 7.459E-07 9.887E-07 1.324E-06 1.797E-06 2.471E-06 3.441E-06 4.849E-06 6.912E-06
 9.970E-06 1.456E-05 2.156E-05 3.241E-05 4.950E-05 7.675E-05 1.207E-04 1.926E-04
 3.115E-04 5.116E-04 8.737E-04 1.617E-03 2.931E-03 5.217E-03 9.141E-03 1.579E-02
 2.695E-02 4.546E-02 7.592E-02 1.257E-01 2.065E-01 3.372E-01 5.474E-01 8.839E-01
 1.419E+00 2.266E+00 3.594E+00 5.657E+00 8.826E+00 1.364E+01 2.089E+01 3.169E+01
 4.764E+01 7.103E+01 1.049E+02 1.526E+02 2.204E+02 3.165E+02 4.522E+02 6.427E+02
 nm=  4 for molecule: CN   with presmo index  8
 CONS=0; idmol,it,t=   8   1  2093. because partp,akapmol=  3.63E-15  2.26E-43
 CONS=/0; con0wr,idmol,it=  11877   8  10; partp,akapmol=   4.072E-14   1.394E-34
 CONS=/0; con0wr,idmol,it=  11887   8  20; partp,akapmol=   1.424E-12   3.669E-33
 CONS=/0; con0wr,idmol,it=  11897   8  30; partp,akapmol=   7.066E-11   3.927E-31
 CONS=/0; con0wr,idmol,it=  11907   8  40; partp,akapmol=   2.163E-09   2.828E-29
 CONS=/0; con0wr,idmol,it=  15185   8  10; partp,akapmol=   4.072E-14   1.998E-33
 CONS=/0; con0wr,idmol,it=  15195   8  20; partp,akapmol=   1.424E-12   3.677E-32
 CONS=/0; con0wr,idmol,it=  15205   8  30; partp,akapmol=   7.066E-11   2.599E-30
 CONS=/0; con0wr,idmol,it=  15215   8  40; partp,akapmol=   2.163E-09   1.433E-28
 CONS=/0; con0wr,idmol,it=  20472   8  13; partp,akapmol=   1.054E-13   2.440E-04
 We assigned opacity data for  9749 OS frequency points, out of 10598 OS freq. in total
  jvlast,jvfirst =        9749           2
 SSD (sum wn-wnmol/  9749) for CN   was:  3.0186E-01
 INTEGRATED ABS.COF. IN CM/MOL FOR CN  
 7.129E+09 7.128E+09 7.127E+09 7.124E+09 7.122E+09 7.119E+09 7.115E+09 7.110E+09
 7.105E+09 7.099E+09 7.091E+09 7.082E+09 7.071E+09 7.059E+09 7.044E+09 7.028E+09
 7.008E+09 6.986E+09 6.958E+09 6.920E+09 6.880E+09 6.837E+09 6.792E+09 6.746E+09
 6.698E+09 6.648E+09 6.597E+09 6.544E+09 6.489E+09 6.433E+09 6.376E+09 6.317E+09
 6.256E+09 6.195E+09 6.133E+09 6.071E+09 6.009E+09 5.948E+09 5.889E+09 5.831E+09
 5.775E+09 5.722E+09 5.676E+09 5.676E+09 5.676E+09 5.676E+09 5.676E+09 5.676E+09
 INTEGRATED OPACITY IN CM/g* FOR CN  
 2.590E-05 3.281E-05 4.185E-05 5.387E-05 6.994E-05 9.154E-05 1.207E-04 1.603E-04
 2.145E-04 2.891E-04 3.929E-04 5.387E-04 7.456E-04 1.041E-03 1.467E-03 2.082E-03
 2.979E-03 4.299E-03 6.351E-03 9.853E-03 1.506E-02 2.273E-02 3.395E-02 5.022E-02
 7.364E-02 1.072E-01 1.550E-01 2.228E-01 3.189E-01 4.546E-01 6.458E-01 9.147E-01
 1.291E+00 1.817E+00 2.546E+00 3.551E+00 4.923E+00 6.782E+00 9.281E+00 1.261E+01
 1.703E+01 2.284E+01 3.048E+01 4.076E+01 5.419E+01 7.163E+01 9.415E+01 1.230E+02
 nm=  5 for molecule: CO   with presmo index  7
 CONS=0; idmol,it,t=   7   1  2093. because partp,akapmol=  1.79E-04  2.35E-47
 CONS=/0; con0wr,idmol,it=   2868   7  49; partp,akapmol=   0.000E+00   0.000E+00
 We assigned opacity data for  8765 OS frequency points, out of 10598 OS freq. in total
  jvlast,jvfirst =       10597           2
 SSD (sum wn-wnmol/  8765) for CO   was:  5.1079E-01
 INTEGRATED ABS.COF. IN CM/MOL FOR CO  
 7.971E+10 7.972E+10 7.973E+10 7.975E+10 7.976E+10 7.978E+10 7.980E+10 7.982E+10
 7.984E+10 7.985E+10 7.986E+10 7.987E+10 7.987E+10 7.985E+10 7.983E+10 7.980E+10
 7.976E+10 7.972E+10 7.969E+10 7.970E+10 7.977E+10 7.995E+10 8.026E+10 8.075E+10
 8.144E+10 8.235E+10 8.348E+10 8.483E+10 8.640E+10 8.821E+10 9.027E+10 9.258E+10
 9.515E+10 9.799E+10 1.011E+11 1.044E+11 1.080E+11 1.118E+11 1.157E+11 1.199E+11
 1.242E+11 1.286E+11 1.326E+11 1.326E+11 1.326E+11 1.326E+11 1.326E+11 1.326E+11
 INTEGRATED OPACITY IN CM/g* FOR CO  
 1.430E+07 1.431E+07 1.431E+07 1.432E+07 1.432E+07 1.433E+07 1.433E+07 1.434E+07
 1.434E+07 1.435E+07 1.435E+07 1.435E+07 1.435E+07 1.435E+07 1.435E+07 1.434E+07
 1.434E+07 1.433E+07 1.432E+07 1.432E+07 1.433E+07 1.436E+07 1.442E+07 1.450E+07
 1.463E+07 1.479E+07 1.499E+07 1.523E+07 1.551E+07 1.584E+07 1.621E+07 1.662E+07
 1.708E+07 1.759E+07 1.814E+07 1.874E+07 1.938E+07 2.005E+07 2.076E+07 2.150E+07
 2.227E+07 2.306E+07 2.377E+07 2.376E+07 2.375E+07 2.372E+07 2.370E+07 2.366E+07
 nm=  6 for molecule: CO2  with presmo index 46
 CONS=0; idmol,it,t=  46   1  2093. because partp,akapmol=  1.83E-08  4.49E-26
 CONS=/0; con0wr,idmol,it=    336  46  13; partp,akapmol=   1.446E-08   1.108E-04
 We assigned opacity data for  6930 OS frequency points, out of 10598 OS freq. in total
  jvlast,jvfirst =        6930           2
 SSD (sum wn-wnmol/  6930) for CO2  was:  1.0133E-01
 INTEGRATED ABS.COF. IN CM/MOL FOR CO2 
 6.669E+07 6.663E+07 6.655E+07 6.646E+07 6.635E+07 6.622E+07 6.608E+07 6.592E+07
 6.575E+07 6.555E+07 6.534E+07 6.510E+07 6.483E+07 6.454E+07 6.422E+07 6.387E+07
 6.348E+07 6.306E+07 6.255E+07 6.187E+07 6.118E+07 6.046E+07 5.971E+07 5.894E+07
 5.814E+07 5.732E+07 5.646E+07 5.557E+07 5.465E+07 5.368E+07 5.268E+07 5.165E+07
 5.057E+07 4.946E+07 4.833E+07 4.717E+07 4.600E+07 4.483E+07 4.366E+07 4.249E+07
 4.134E+07 4.021E+07 3.922E+07 3.922E+07 3.922E+07 3.922E+07 3.922E+07 3.922E+07
 INTEGRATED OPACITY IN CM/g* FOR CO2 
 1.218E+00 1.190E+00 1.163E+00 1.137E+00 1.113E+00 1.090E+00 1.067E+00 1.045E+00
 1.023E+00 1.002E+00 9.806E-01 9.592E-01 9.376E-01 9.158E-01 8.938E-01 8.714E-01
 8.488E-01 8.258E-01 8.011E-01 7.725E-01 7.448E-01 7.176E-01 6.909E-01 6.645E-01
 6.382E-01 6.118E-01 5.855E-01 5.590E-01 5.323E-01 5.054E-01 4.784E-01 4.513E-01
 4.243E-01 3.976E-01 3.714E-01 3.460E-01 3.216E-01 2.984E-01 2.764E-01 2.556E-01
 2.360E-01 2.177E-01 2.010E-01 1.901E-01 1.795E-01 1.692E-01 1.592E-01 1.496E-01
 nm=  7 for molecule: FeH  with presmo index216
 CONS=0; idmol,it,t= 216   1  2093. because partp,akapmol=  1.51E-11  2.71E-43
 CONS=/0; con0wr,idmol,it=   6692 216  10; partp,akapmol=   8.943E-11   1.234E-32
 CONS=/0; con0wr,idmol,it=   6702 216  20; partp,akapmol=   6.611E-10   5.298E-32
 CONS=/0; con0wr,idmol,it=   6712 216  30; partp,akapmol=   3.828E-09   4.354E-31
 CONS=/0; con0wr,idmol,it=   6722 216  40; partp,akapmol=   1.466E-08   3.124E-30
 CONS=/0; con0wr,idmol,it=   7310 216  13; partp,akapmol=   1.620E-10   3.809E-10
 We assigned opacity data for  7395 OS frequency points, out of 10598 OS freq. in total
  jvlast,jvfirst =        7395           2
 SSD (sum wn-wnmol/  7395) for FeH  was:  1.2054E-01
 INTEGRATED ABS.COF. IN CM/MOL FOR FeH 
 4.955E+09 4.941E+09 4.924E+09 4.902E+09 4.876E+09 4.848E+09 4.816E+09 4.781E+09
 4.743E+09 4.701E+09 4.657E+09 4.609E+09 4.557E+09 4.501E+09 4.442E+09 4.380E+09
 4.314E+09 4.244E+09 4.165E+09 4.067E+09 3.972E+09 3.880E+09 3.791E+09 3.704E+09
 3.619E+09 3.536E+09 3.455E+09 3.375E+09 3.296E+09 3.219E+09 3.142E+09 3.067E+09
 2.992E+09 2.918E+09 2.846E+09 2.774E+09 2.705E+09 2.637E+09 2.571E+09 2.507E+09
 2.445E+09 2.385E+09 2.333E+09 2.333E+09 2.333E+09 2.333E+09 2.333E+09 2.333E+09
 INTEGRATED OPACITY IN CM/g* FOR FeH 
 7.458E-02 9.118E-02 1.109E-01 1.345E-01 1.630E-01 1.973E-01 2.386E-01 2.883E-01
 3.483E-01 4.204E-01 5.074E-01 6.122E-01 7.384E-01 8.903E-01 1.073E+00 1.292E+00
 1.553E+00 1.866E+00 2.241E+00 2.688E+00 3.203E+00 3.794E+00 4.470E+00 5.238E+00
 6.108E+00 7.089E+00 8.191E+00 9.424E+00 1.080E+01 1.232E+01 1.401E+01 1.586E+01
 1.788E+01 2.007E+01 2.244E+01 2.498E+01 2.769E+01 3.057E+01 3.359E+01 3.675E+01
 4.002E+01 4.341E+01 4.700E+01 5.180E+01 5.687E+01 6.217E+01 6.769E+01 7.342E+01
 nm=  8 for molecule: H2O  with presmo index  4
 CONS=0; idmol,it,t=   4   1  2093. because partp,akapmol=  1.16E-04  2.27E-35
 CONS=/0; con0wr,idmol,it=     48   4  49; partp,akapmol=   0.000E+00   0.000E+00
 We assigned opacity data for  7250 OS frequency points, out of 10598 OS freq. in total
  jvlast,jvfirst =        7250           2
 SSD (sum wn-wnmol/  7250) for H2O  was:  1.1414E-01
 INTEGRATED ABS.COF. IN CM/MOL FOR H2O 
 3.545E+07 3.548E+07 3.552E+07 3.556E+07 3.561E+07 3.567E+07 3.573E+07 3.580E+07
 3.588E+07 3.596E+07 3.606E+07 3.616E+07 3.627E+07 3.639E+07 3.653E+07 3.667E+07
 3.682E+07 3.699E+07 3.718E+07 3.743E+07 3.767E+07 3.792E+07 3.816E+07 3.841E+07
 3.867E+07 3.893E+07 3.920E+07 3.946E+07 3.973E+07 4.000E+07 4.027E+07 4.054E+07
 4.081E+07 4.107E+07 4.133E+07 4.160E+07 4.186E+07 4.212E+07 4.239E+07 4.268E+07
 4.297E+07 4.330E+07 4.361E+07 4.361E+07 4.361E+07 4.361E+07 4.361E+07 4.361E+07
 INTEGRATED OPACITY IN CM/g* FOR H2O 
 4.101E+03 4.193E+03 4.263E+03 4.317E+03 4.361E+03 4.398E+03 4.428E+03 4.455E+03
 4.478E+03 4.499E+03 4.517E+03 4.534E+03 4.548E+03 4.560E+03 4.571E+03 4.579E+03
 4.585E+03 4.588E+03 4.582E+03 4.555E+03 4.519E+03 4.474E+03 4.420E+03 4.357E+03
 4.283E+03 4.200E+03 4.106E+03 4.001E+03 3.885E+03 3.758E+03 3.621E+03 3.475E+03
 3.320E+03 3.160E+03 2.995E+03 2.830E+03 2.667E+03 2.507E+03 2.353E+03 2.204E+03
 2.062E+03 1.925E+03 1.794E+03 1.656E+03 1.524E+03 1.400E+03 1.283E+03 1.173E+03
 nm=  9 for molecule: HCN  with presmo index 15
 CONS=0; idmol,it,t=  15   1  2093. because partp,akapmol=  1.27E-13  9.43E-26
 CONS=/0; con0wr,idmol,it=    110  15  13; partp,akapmol=   7.908E-12   2.594E-07
 We assigned opacity data for  7569 OS frequency points, out of 10598 OS freq. in total
  jvlast,jvfirst =        7569           2
 SSD (sum wn-wnmol/  7569) for HCN  was:  1.2874E-01
 INTEGRATED ABS.COF. IN CM/MOL FOR HCN 
 2.980E+06 2.983E+06 2.987E+06 2.991E+06 2.996E+06 3.001E+06 3.007E+06 3.014E+06
 3.022E+06 3.030E+06 3.038E+06 3.048E+06 3.058E+06 3.069E+06 3.080E+06 3.092E+06
 3.105E+06 3.118E+06 3.132E+06 3.149E+06 3.164E+06 3.178E+06 3.190E+06 3.201E+06
 3.210E+06 3.217E+06 3.223E+06 3.227E+06 3.229E+06 3.229E+06 3.227E+06 3.222E+06
 3.215E+06 3.206E+06 3.195E+06 3.182E+06 3.167E+06 3.151E+06 3.134E+06 3.116E+06
 3.099E+06 3.082E+06 3.068E+06 3.068E+06 3.068E+06 3.068E+06 3.068E+06 3.068E+06
 INTEGRATED OPACITY IN CM/g* FOR HCN 
 3.787E-07 5.563E-07 8.065E-07 1.160E-06 1.658E-06 2.356E-06 3.331E-06 4.686E-06
 6.564E-06 9.154E-06 1.271E-05 1.757E-05 2.418E-05 3.313E-05 4.517E-05 6.131E-05
 8.280E-05 1.112E-04 1.480E-04 1.934E-04 2.511E-04 3.241E-04 4.161E-04 5.319E-04
 6.771E-04 8.590E-04 1.086E-03 1.370E-03 1.725E-03 2.167E-03 2.718E-03 3.403E-03
 4.252E-03 5.305E-03 6.604E-03 8.202E-03 1.016E-02 1.254E-02 1.543E-02 1.891E-02
 2.308E-02 2.806E-02 3.400E-02 4.123E-02 4.980E-02 5.988E-02 7.167E-02 8.534E-02
 nm= 10 for molecule: MgH  with presmo index 34
 CONS=0; idmol,it,t=  34   1  2093. because partp,akapmol=  1.52E-11  6.99E-27
 CONS=/0; con0wr,idmol,it=   1778  34  10; partp,akapmol=   9.384E-11   1.000E-25
 CONS=/0; con0wr,idmol,it=   1788  34  20; partp,akapmol=   7.650E-10   1.000E-25
 CONS=/0; con0wr,idmol,it=   1798  34  30; partp,akapmol=   5.000E-09   1.000E-25
 CONS=/0; con0wr,idmol,it=   1808  34  40; partp,akapmol=   2.109E-08   3.087E-26
 CONS=/0; con0wr,idmol,it=  23139  34  10; partp,akapmol=   9.384E-11   1.000E-25
 CONS=/0; con0wr,idmol,it=  23149  34  20; partp,akapmol=   7.650E-10   4.679E-26
 CONS=/0; con0wr,idmol,it=  23159  34  30; partp,akapmol=   5.000E-09   2.572E-39
 CONS=/0; con0wr,idmol,it=  23169  34  40; partp,akapmol=   2.109E-08   1.127E-37
 CONS=/0; con0wr,idmol,it=  24753  34  13; partp,akapmol=   1.740E-10   2.457E+00
 We assigned opacity data for  8532 OS frequency points, out of 10598 OS freq. in total
  jvlast,jvfirst =        8532           2
 SSD (sum wn-wnmol/  8532) for MgH  was:  1.8649E-01
 INTEGRATED ABS.COF. IN CM/MOL FOR MgH 
 2.766E+10 2.767E+10 2.768E+10 2.769E+10 2.770E+10 2.771E+10 2.772E+10 2.773E+10
 2.774E+10 2.775E+10 2.776E+10 2.777E+10 2.777E+10 2.777E+10 2.777E+10 2.776E+10
 2.775E+10 2.772E+10 2.769E+10 2.763E+10 2.756E+10 2.747E+10 2.738E+10 2.728E+10
 2.717E+10 2.705E+10 2.692E+10 2.679E+10 2.664E+10 2.649E+10 2.633E+10 2.616E+10
 2.598E+10 2.580E+10 2.561E+10 2.541E+10 2.521E+10 2.502E+10 2.482E+10 2.463E+10
 2.445E+10 2.427E+10 2.413E+10 2.413E+10 2.413E+10 2.413E+10 2.413E+10 2.413E+10
 INTEGRATED OPACITY IN CM/g* FOR MgH 
 4.191E-01 5.151E-01 6.308E-01 7.718E-01 9.444E-01 1.156E+00 1.415E+00 1.733E+00
 2.124E+00 2.604E+00 3.197E+00 3.928E+00 4.832E+00 5.950E+00 7.331E+00 9.036E+00
 1.114E+01 1.374E+01 1.699E+01 2.113E+01 2.608E+01 3.195E+01 3.889E+01 4.706E+01
 5.662E+01 6.775E+01 8.067E+01 9.559E+01 1.128E+02 1.325E+02 1.549E+02 1.805E+02
 2.093E+02 2.416E+02 2.777E+02 3.178E+02 3.619E+02 4.103E+02 4.628E+02 5.196E+02
 5.805E+02 6.455E+02 7.150E+02 7.931E+02 8.757E+02 9.623E+02 1.053E+03 1.146E+03
 nm= 11 for molecule: NH   with presmo index 13
 CONS=0; idmol,it,t=  13   1  2093. because partp,akapmol=  1.08E-11  6.67E-31
 CONS=/0; con0wr,idmol,it=   6998  13  10; partp,akapmol=   3.402E-11   9.268E-33
 CONS=/0; con0wr,idmol,it=   7008  13  20; partp,akapmol=   4.598E-10   2.238E-31
 CONS=/0; con0wr,idmol,it=   7018  13  30; partp,akapmol=   1.203E-08   2.928E-29
 CONS=/0; con0wr,idmol,it=   7028  13  40; partp,akapmol=   1.460E-07   3.482E-27
 CONS=/0; con0wr,idmol,it=  17081  13  10; partp,akapmol=   3.402E-11   3.442E-44
 CONS=/0; con0wr,idmol,it=  17091  13  20; partp,akapmol=   4.598E-10   1.902E-42
 CONS=/0; con0wr,idmol,it=  17101  13  30; partp,akapmol=   1.203E-08   2.281E-40
 CONS=/0; con0wr,idmol,it=  17111  13  40; partp,akapmol=   1.460E-07   3.092E-38
 CONS=/0; con0wr,idmol,it=  24161  13  13; partp,akapmol=   6.237E-11   8.620E-39
 We assigned opacity data for  9388 OS frequency points, out of 10598 OS freq. in total
  jvlast,jvfirst =        9388           2
 SSD (sum wn-wnmol/  9388) for NH   was:  2.6130E-01
 INTEGRATED ABS.COF. IN CM/MOL FOR NH  
 1.337E+09 1.338E+09 1.338E+09 1.338E+09 1.339E+09 1.340E+09 1.340E+09 1.341E+09
 1.342E+09 1.343E+09 1.344E+09 1.345E+09 1.347E+09 1.348E+09 1.350E+09 1.352E+09
 1.354E+09 1.357E+09 1.360E+09 1.364E+09 1.368E+09 1.372E+09 1.377E+09 1.382E+09
 1.388E+09 1.394E+09 1.400E+09 1.407E+09 1.414E+09 1.422E+09 1.430E+09 1.438E+09
 1.447E+09 1.456E+09 1.466E+09 1.475E+09 1.485E+09 1.495E+09 1.505E+09 1.516E+09
 1.527E+09 1.538E+09 1.548E+09 1.548E+09 1.548E+09 1.548E+09 1.548E+09 1.548E+09
 INTEGRATED OPACITY IN CM/g* FOR NH  
 1.446E-02 1.563E-02 1.711E-02 1.899E-02 2.134E-02 2.428E-02 2.795E-02 3.255E-02
 3.833E-02 4.569E-02 5.517E-02 6.758E-02 8.399E-02 1.059E-01 1.354E-01 1.753E-01
 2.302E-01 3.065E-01 4.229E-01 6.269E-01 9.149E-01 1.318E+00 1.875E+00 2.640E+00
 3.680E+00 5.083E+00 6.960E+00 9.458E+00 1.276E+01 1.711E+01 2.280E+01 3.019E+01
 3.975E+01 5.200E+01 6.755E+01 8.708E+01 1.113E+02 1.412E+02 1.775E+02 2.213E+02
 2.736E+02 3.356E+02 4.083E+02 4.897E+02 5.832E+02 6.896E+02 8.098E+02 9.444E+02
 nm= 12 for molecule: OH   with presmo index  5
 CONS=0; idmol,it,t=   5   1  2093. because partp,akapmol=  1.00E-05  7.70E-39
 CONS=/0; con0wr,idmol,it=   7162   5  10; partp,akapmol=   4.992E-06   5.278E-43
 CONS=/0; con0wr,idmol,it=   7172   5  20; partp,akapmol=   7.934E-06   2.918E-40
 CONS=/0; con0wr,idmol,it=   7182   5  30; partp,akapmol=   2.616E-05   2.302E-37
 CONS=/0; con0wr,idmol,it=   7192   5  40; partp,akapmol=   4.598E-05   1.455E-34
 CONS=/0; con0wr,idmol,it=  19326   5  13; partp,akapmol=   4.890E-06   1.000E-25
 We assigned opacity data for  9621 OS frequency points, out of 10598 OS freq. in total
  jvlast,jvfirst =        9621           2
 SSD (sum wn-wnmol/  9621) for OH   was:  2.8678E-01
 INTEGRATED ABS.COF. IN CM/MOL FOR OH  
 4.975E+08 4.972E+08 4.968E+08 4.963E+08 4.958E+08 4.951E+08 4.944E+08 4.937E+08
 4.929E+08 4.920E+08 4.911E+08 4.901E+08 4.891E+08 4.880E+08 4.869E+08 4.858E+08
 4.846E+08 4.834E+08 4.821E+08 4.806E+08 4.792E+08 4.779E+08 4.767E+08 4.757E+08
 4.747E+08 4.738E+08 4.730E+08 4.723E+08 4.717E+08 4.711E+08 4.705E+08 4.700E+08
 4.696E+08 4.692E+08 4.688E+08 4.685E+08 4.683E+08 4.682E+08 4.681E+08 4.683E+08
 4.686E+08 4.691E+08 4.698E+08 4.698E+08 4.698E+08 4.698E+08 4.698E+08 4.698E+08
 INTEGRATED OPACITY IN CM/g* FOR OH  
 4.983E+03 4.386E+03 3.915E+03 3.538E+03 3.238E+03 2.998E+03 2.807E+03 2.656E+03
 2.540E+03 2.456E+03 2.403E+03 2.382E+03 2.391E+03 2.433E+03 2.506E+03 2.613E+03
 2.758E+03 2.950E+03 3.253E+03 3.813E+03 4.428E+03 5.100E+03 5.831E+03 6.619E+03
 7.461E+03 8.353E+03 9.291E+03 1.027E+04 1.128E+04 1.232E+04 1.338E+04 1.445E+04
 1.550E+04 1.654E+04 1.754E+04 1.848E+04 1.936E+04 2.016E+04 2.089E+04 2.153E+04
 2.209E+04 2.257E+04 2.297E+04 2.323E+04 2.341E+04 2.350E+04 2.350E+04 2.343E+04
 nm= 13 for molecule: SiH  with presmo index 19
 CONS=0; idmol,it,t=  19   1  2093. because partp,akapmol=  8.78E-12  8.24E-23
 CONS=/0; con0wr,idmol,it=   4759  19  10; partp,akapmol=   8.951E-11   4.099E-35
 CONS=/0; con0wr,idmol,it=   4769  19  20; partp,akapmol=   1.974E-09   1.045E-33
 CONS=/0; con0wr,idmol,it=   4779  19  30; partp,akapmol=   4.649E-08   1.151E-31
 CONS=/0; con0wr,idmol,it=   4789  19  40; partp,akapmol=   4.595E-07   9.189E-30
 CONS=/0; con0wr,idmol,it=   9385  19  13; partp,akapmol=   2.103E-10   4.369E+00
 We assigned opacity data for  4592 OS frequency points, out of 10598 OS freq. in total
  jvlast,jvfirst =        8675           2
 SSD (sum wn-wnmol/  4592) for SiH  was:  3.3951E-01
 INTEGRATED ABS.COF. IN CM/MOL FOR SiH 
 2.366E+11 2.365E+11 2.363E+11 2.361E+11 2.359E+11 2.357E+11 2.354E+11 2.351E+11
 2.347E+11 2.344E+11 2.340E+11 2.335E+11 2.331E+11 2.326E+11 2.320E+11 2.315E+11
 2.309E+11 2.303E+11 2.295E+11 2.286E+11 2.278E+11 2.269E+11 2.261E+11 2.252E+11
 2.244E+11 2.236E+11 2.228E+11 2.219E+11 2.211E+11 2.203E+11 2.194E+11 2.185E+11
 2.176E+11 2.166E+11 2.157E+11 2.147E+11 2.137E+11 2.127E+11 2.117E+11 2.108E+11
 2.098E+11 2.089E+11 2.082E+11 2.082E+11 2.082E+11 2.082E+11 2.082E+11 2.082E+11
 INTEGRATED OPACITY IN CM/g* FOR SiH 
 2.078E+00 2.657E+00 3.397E+00 4.357E+00 5.608E+00 7.247E+00 9.397E+00 1.223E+01
 1.598E+01 2.098E+01 2.768E+01 3.672E+01 4.901E+01 6.580E+01 8.882E+01 1.205E+02
 1.643E+02 2.253E+02 3.137E+02 4.513E+02 6.409E+02 9.007E+02 1.254E+03 1.729E+03
 2.367E+03 3.215E+03 4.337E+03 5.812E+03 7.739E+03 1.024E+04 1.346E+04 1.756E+04
 2.273E+04 2.913E+04 3.692E+04 4.618E+04 5.694E+04 6.910E+04 8.250E+04 9.685E+04
 1.118E+05 1.271E+05 1.423E+05 1.576E+05 1.724E+05 1.862E+05 1.990E+05 2.106E+05
 nm= 14 for molecule: SiO  with presmo index 27
 CONS=0; idmol,it,t=  27   1  2093. because partp,akapmol=  2.36E-05  5.85E-33
 CONS=/0; con0wr,idmol,it=    371  27  13; partp,akapmol=   2.364E-05   5.742E-12
 We assigned opacity data for 10328 OS frequency points, out of 10598 OS freq. in total
  jvlast,jvfirst =       10328           2
 SSD (sum wn-wnmol/ 10328) for SiO  was:  3.8135E-01
 INTEGRATED ABS.COF. IN CM/MOL FOR SiO 
 2.674E+11 2.673E+11 2.672E+11 2.671E+11 2.670E+11 2.669E+11 2.668E+11 2.666E+11
 2.664E+11 2.662E+11 2.660E+11 2.658E+11 2.655E+11 2.653E+11 2.650E+11 2.647E+11
 2.644E+11 2.640E+11 2.636E+11 2.632E+11 2.627E+11 2.622E+11 2.617E+11 2.612E+11
 2.607E+11 2.603E+11 2.598E+11 2.593E+11 2.588E+11 2.584E+11 2.578E+11 2.573E+11
 2.568E+11 2.562E+11 2.557E+11 2.551E+11 2.545E+11 2.539E+11 2.534E+11 2.528E+11
 2.523E+11 2.518E+11 2.514E+11 2.514E+11 2.514E+11 2.514E+11 2.514E+11 2.514E+11
 INTEGRATED OPACITY IN CM/g* FOR SiO 
 6.323E+06 6.323E+06 6.322E+06 6.320E+06 6.318E+06 6.315E+06 6.312E+06 6.307E+06
 6.303E+06 6.297E+06 6.292E+06 6.285E+06 6.278E+06 6.270E+06 6.261E+06 6.252E+06
 6.242E+06 6.230E+06 6.217E+06 6.199E+06 6.180E+06 6.158E+06 6.133E+06 6.103E+06
 6.069E+06 6.028E+06 5.979E+06 5.920E+06 5.848E+06 5.760E+06 5.653E+06 5.522E+06
 5.365E+06 5.177E+06 4.956E+06 4.703E+06 4.418E+06 4.107E+06 3.775E+06 3.430E+06
 3.080E+06 2.736E+06 2.404E+06 2.094E+06 1.806E+06 1.543E+06 1.308E+06 1.101E+06
 nm= 15 for molecule: TiH  with presmo index214
 CONS=0; idmol,it,t= 214   1  2093. because partp,akapmol=  5.89E-14  1.50E-35
 CONS=/0; con0wr,idmol,it=   2466 214  49; partp,akapmol=   0.000E+00   0.000E+00
 We assigned opacity data for  3230 OS frequency points, out of 10598 OS freq. in total
  jvlast,jvfirst =        8176           2
 SSD (sum wn-wnmol/  3230) for TiH  was:  3.3507E-01
 INTEGRATED ABS.COF. IN CM/MOL FOR TiH 
 6.527E+10 6.515E+10 6.498E+10 6.479E+10 6.456E+10 6.430E+10 6.401E+10 6.369E+10
 6.334E+10 6.296E+10 6.255E+10 6.210E+10 6.161E+10 6.108E+10 6.050E+10 5.988E+10
 5.922E+10 5.851E+10 5.769E+10 5.665E+10 5.563E+10 5.463E+10 5.363E+10 5.266E+10
 5.169E+10 5.074E+10 4.980E+10 4.887E+10 4.795E+10 4.702E+10 4.610E+10 4.519E+10
 4.427E+10 4.336E+10 4.245E+10 4.155E+10 4.067E+10 3.979E+10 3.894E+10 3.810E+10
 3.728E+10 3.647E+10 3.577E+10 3.577E+10 3.577E+10 3.577E+10 3.577E+10 3.577E+10
 INTEGRATED OPACITY IN CM/g* FOR TiH 
 3.846E-03 4.875E-03 6.165E-03 7.804E-03 9.890E-03 1.255E-02 1.596E-02 2.031E-02
 2.590E-02 3.309E-02 4.236E-02 5.435E-02 6.989E-02 9.002E-02 1.161E-01 1.497E-01
 1.930E-01 2.486E-01 3.214E-01 4.192E-01 5.379E-01 6.801E-01 8.481E-01 1.044E+00
 1.269E+00 1.526E+00 1.814E+00 2.133E+00 2.484E+00 2.865E+00 3.272E+00 3.702E+00
 4.147E+00 4.601E+00 5.055E+00 5.500E+00 5.929E+00 6.330E+00 6.698E+00 7.023E+00
 7.302E+00 7.529E+00 7.720E+00 8.014E+00 8.261E+00 8.460E+00 8.610E+00 8.712E+00
 nm= 16 for molecule: TiO  with presmo index 31
 CONS=0; idmol,it,t=  31   1  2093. because partp,akapmol=  5.27E-08  4.08E-37
 CONS=/0; con0wr,idmol,it=    192  31  49; partp,akapmol=   0.000E+00   0.000E+00
 We assigned opacity data for  8596 OS frequency points, out of 10598 OS freq. in total
  jvlast,jvfirst =        8596           2
 SSD (sum wn-wnmol/  8596) for TiO  was:  1.9123E-01
 INTEGRATED ABS.COF. IN CM/MOL FOR TiO 
 1.535E+11 1.535E+11 1.534E+11 1.534E+11 1.533E+11 1.533E+11 1.532E+11 1.532E+11
 1.531E+11 1.530E+11 1.529E+11 1.528E+11 1.527E+11 1.526E+11 1.524E+11 1.523E+11
 1.521E+11 1.519E+11 1.517E+11 1.514E+11 1.511E+11 1.508E+11 1.504E+11 1.501E+11
 1.497E+11 1.494E+11 1.490E+11 1.486E+11 1.481E+11 1.477E+11 1.472E+11 1.467E+11
 1.461E+11 1.456E+11 1.449E+11 1.443E+11 1.436E+11 1.429E+11 1.422E+11 1.415E+11
 1.408E+11 1.400E+11 1.393E+11 1.393E+11 1.393E+11 1.393E+11 1.393E+11 1.393E+11
 INTEGRATED OPACITY IN CM/g* FOR TiO 
 8.091E+03 8.071E+03 8.046E+03 8.016E+03 7.981E+03 7.939E+03 7.890E+03 7.834E+03
 7.770E+03 7.696E+03 7.612E+03 7.513E+03 7.400E+03 7.270E+03 7.122E+03 6.953E+03
 6.762E+03 6.545E+03 6.284E+03 5.939E+03 5.584E+03 5.220E+03 4.851E+03 4.483E+03
 4.118E+03 3.760E+03 3.413E+03 3.078E+03 2.758E+03 2.455E+03 2.170E+03 1.905E+03
 1.660E+03 1.436E+03 1.235E+03 1.055E+03 8.966E+02 7.583E+02 6.386E+02 5.356E+02
 4.473E+02 3.722E+02 3.088E+02 2.564E+02 2.120E+02 1.748E+02 1.435E+02 1.174E+02
 nm= 17 for molecule: CrH  with presmo index217
 CONS=0; idmol,it,t= 217   1  2093. because partp,akapmol=  9.25E-10  2.45E-25
 CONS=/0; con0wr,idmol,it=    532 217  10; partp,akapmol=   3.679E-09   7.872E-27
 CONS=/0; con0wr,idmol,it=    542 217  20; partp,akapmol=   9.807E-09   2.532E-26
 CONS=/0; con0wr,idmol,it=   3312 217  13; partp,akapmol=   5.293E-09   2.123E-01
 We assigned opacity data for  1700 OS frequency points, out of 10598 OS freq. in total
  jvlast,jvfirst =        7183           2
 SSD (sum wn-wnmol/  1700) for CrH  was:  2.7697E-01
 INTEGRATED ABS.COF. IN CM/MOL FOR CrH 
 4.826E+09 4.825E+09 4.825E+09 4.824E+09 4.824E+09 4.823E+09 4.821E+09 4.820E+09
 4.818E+09 4.816E+09 4.813E+09 4.810E+09 4.806E+09 4.802E+09 4.796E+09 4.790E+09
 4.782E+09 4.773E+09 4.762E+09 4.746E+09 4.728E+09 4.709E+09 4.689E+09 4.668E+09
 4.645E+09 4.622E+09 4.598E+09 4.572E+09 4.545E+09 4.517E+09 4.487E+09 4.456E+09
 4.423E+09 4.390E+09 4.355E+09 4.320E+09 4.284E+09 4.249E+09 4.213E+09 4.179E+09
 4.145E+09 4.112E+09 4.085E+09 4.085E+09 4.085E+09 4.085E+09 4.085E+09 4.085E+09
 INTEGRATED OPACITY IN CM/g* FOR CrH 
 4.462E+00 5.352E+00 6.350E+00 7.479E+00 8.751E+00 1.018E+01 1.178E+01 1.356E+01
 1.554E+01 1.772E+01 2.010E+01 2.268E+01 2.544E+01 2.838E+01 3.147E+01 3.471E+01
 3.804E+01 4.141E+01 4.448E+01 4.654E+01 4.857E+01 5.057E+01 5.252E+01 5.441E+01
 5.625E+01 5.801E+01 5.967E+01 6.124E+01 6.268E+01 6.399E+01 6.513E+01 6.610E+01
 6.686E+01 6.742E+01 6.777E+01 6.794E+01 6.792E+01 6.772E+01 6.734E+01 6.678E+01
 6.604E+01 6.514E+01 6.413E+01 6.337E+01 6.241E+01 6.128E+01 5.998E+01 5.850E+01
 nm= 18 for molecule: NO   with presmo index217
 CONS=0; idmol,it,t= 217   1  2093. because partp,akapmol=  9.25E-10  6.47E-25
 CONS=/0; con0wr,idmol,it=  14371 217  10; partp,akapmol=   3.679E-09   3.623E-42
 CONS=/0; con0wr,idmol,it=  14381 217  20; partp,akapmol=   9.807E-09   1.019E-40
 CONS=/0; con0wr,idmol,it=  14391 217  30; partp,akapmol=   1.417E-08   1.248E-38
 CONS=/0; con0wr,idmol,it=  14401 217  40; partp,akapmol=   1.598E-08   1.064E-36
 CONS=/0; con0wr,idmol,it=  16159 217  13; partp,akapmol=   5.293E-09   3.833E-10
 We assigned opacity data for  6288 OS frequency points, out of 10598 OS freq. in total
  jvlast,jvfirst =        6288           2
 SSD (sum wn-wnmol/  6288) for NO   was:  8.0007E-02
 INTEGRATED ABS.COF. IN CM/MOL FOR NO  
 1.742E+06 1.738E+06 1.734E+06 1.728E+06 1.722E+06 1.715E+06 1.707E+06 1.698E+06
 1.689E+06 1.678E+06 1.667E+06 1.655E+06 1.642E+06 1.628E+06 1.614E+06 1.598E+06
 1.582E+06 1.564E+06 1.545E+06 1.521E+06 1.498E+06 1.475E+06 1.454E+06 1.433E+06
 1.414E+06 1.395E+06 1.376E+06 1.359E+06 1.342E+06 1.325E+06 1.309E+06 1.293E+06
 1.278E+06 1.264E+06 1.250E+06 1.237E+06 1.224E+06 1.212E+06 1.201E+06 1.191E+06
 1.182E+06 1.174E+06 1.168E+06 1.168E+06 1.168E+06 1.168E+06 1.168E+06 1.168E+06
 INTEGRATED OPACITY IN CM/g* FOR NO  
 1.610E-03 1.928E-03 2.282E-03 2.679E-03 3.124E-03 3.620E-03 4.170E-03 4.778E-03
 5.446E-03 6.175E-03 6.962E-03 7.804E-03 8.693E-03 9.624E-03 1.059E-02 1.158E-02
 1.258E-02 1.357E-02 1.443E-02 1.491E-02 1.539E-02 1.584E-02 1.628E-02 1.671E-02
 1.712E-02 1.750E-02 1.786E-02 1.820E-02 1.850E-02 1.877E-02 1.900E-02 1.919E-02
 1.932E-02 1.941E-02 1.945E-02 1.945E-02 1.940E-02 1.932E-02 1.920E-02 1.904E-02
 1.884E-02 1.860E-02 1.833E-02 1.811E-02 1.784E-02 1.752E-02 1.714E-02 1.672E-02
 nm= 19 for molecule: LiH  with presmo index 71
 CONS=0; idmol,it,t=  71   1  2093. because partp,akapmol=  1.20E-15  3.47E-31
 CONS=/0; con0wr,idmol,it=    430  71  10; partp,akapmol=   6.096E-15   9.048E-29
 CONS=/0; con0wr,idmol,it=    440  71  20; partp,akapmol=   2.243E-14   2.672E-27
 CONS=/0; con0wr,idmol,it=    450  71  30; partp,akapmol=   3.491E-14   5.061E-25
 CONS=/0; con0wr,idmol,it=    460  71  40; partp,akapmol=   3.053E-14   8.644E-23
 CONS=/0; con0wr,idmol,it=   9898  71  10; partp,akapmol=   6.096E-15   1.390E-34
 CONS=/0; con0wr,idmol,it=   9908  71  20; partp,akapmol=   2.243E-14   2.245E-32
 CONS=/0; con0wr,idmol,it=   9918  71  30; partp,akapmol=   3.491E-14   6.681E-30
 CONS=/0; con0wr,idmol,it=   9928  71  40; partp,akapmol=   3.053E-14   1.842E-27
 CONS=/0; con0wr,idmol,it=  17192  71  10; partp,akapmol=   6.096E-15   5.019E-32
 CONS=/0; con0wr,idmol,it=  17202  71  20; partp,akapmol=   2.243E-14   2.047E-30
 CONS=/0; con0wr,idmol,it=  17212  71  30; partp,akapmol=   3.491E-14   5.207E-28
 CONS=/0; con0wr,idmol,it=  17222  71  40; partp,akapmol=   3.053E-14   9.728E-26
 CONS=/0; con0wr,idmol,it=  21544  71  10; partp,akapmol=   6.096E-15   1.021E-21
 CONS=/0; con0wr,idmol,it=  21554  71  20; partp,akapmol=   2.243E-14   1.675E-20
 CONS=/0; con0wr,idmol,it=  25942  71  10; partp,akapmol=   6.096E-15   2.202E-27
 CONS=/0; con0wr,idmol,it=  25952  71  20; partp,akapmol=   2.243E-14   4.115E-26
 CONS=/0; con0wr,idmol,it=  25962  71  30; partp,akapmol=   3.491E-14   3.451E-24
 CONS=/0; con0wr,idmol,it=  25972  71  40; partp,akapmol=   3.053E-14   2.386E-22
 CONS=/0; con0wr,idmol,it=  59444  71  13; partp,akapmol=   9.563E-15   8.896E-12
 We assigned opacity data for  7783 OS frequency points, out of 10598 OS freq. in total
  jvlast,jvfirst =        7783           2
 SSD (sum wn-wnmol/  7783) for LiH  was:  1.3967E-01
 INTEGRATED ABS.COF. IN CM/MOL FOR LiH 
 5.083E+04 5.098E+04 5.118E+04 5.142E+04 5.171E+04 5.204E+04 5.242E+04 5.283E+04
 5.328E+04 5.378E+04 5.433E+04 5.493E+04 5.559E+04 5.632E+04 5.711E+04 5.796E+04
 5.889E+04 5.989E+04 6.105E+04 6.252E+04 6.399E+04 6.544E+04 6.689E+04 6.834E+04
 6.979E+04 7.123E+04 7.267E+04 7.409E+04 7.549E+04 7.686E+04 7.820E+04 7.950E+04
 8.076E+04 8.196E+04 8.311E+04 8.420E+04 8.522E+04 8.619E+04 8.712E+04 8.802E+04
 8.889E+04 8.978E+04 9.060E+04 9.060E+04 9.060E+04 9.060E+04 9.060E+04 9.060E+04
 INTEGRATED OPACITY IN CM/g* FOR LiH 
 6.082E-11 7.571E-11 9.293E-11 1.130E-10 1.366E-10 1.640E-10 1.961E-10 2.336E-10
 2.772E-10 3.278E-10 3.865E-10 4.540E-10 5.316E-10 6.204E-10 7.214E-10 8.358E-10
 9.644E-10 1.107E-09 1.259E-09 1.402E-09 1.549E-09 1.698E-09 1.848E-09 1.995E-09
 2.137E-09 2.271E-09 2.395E-09 2.506E-09 2.603E-09 2.684E-09 2.746E-09 2.790E-09
 2.816E-09 2.824E-09 2.818E-09 2.801E-09 2.777E-09 2.748E-09 2.718E-09 2.687E-09
 2.657E-09 2.631E-09 2.605E-09 2.559E-09 2.517E-09 2.478E-09 2.442E-09 2.408E-09
 nm= 20 for molecule: VO   with presmo index 32
 CONS=0; idmol,it,t=  32   1  2093. because partp,akapmol=  2.97E-09  2.80E-28
 CONS=/0; con0wr,idmol,it=  12757  32  13; partp,akapmol=   1.822E-09   1.551E+00
 We assigned opacity data for  7916 OS frequency points, out of 10598 OS freq. in total
  jvlast,jvfirst =        8504           2
 SSD (sum wn-wnmol/  7916) for VO   was:  1.9719E-01
 INTEGRATED ABS.COF. IN CM/MOL FOR VO  
 6.979E+10 6.981E+10 6.984E+10 6.988E+10 6.993E+10 6.999E+10 7.005E+10 7.012E+10
 7.020E+10 7.029E+10 7.038E+10 7.049E+10 7.061E+10 7.075E+10 7.090E+10 7.106E+10
 7.124E+10 7.144E+10 7.168E+10 7.199E+10 7.231E+10 7.264E+10 7.298E+10 7.333E+10
 7.369E+10 7.406E+10 7.445E+10 7.485E+10 7.526E+10 7.569E+10 7.613E+10 7.657E+10
 7.703E+10 7.751E+10 7.799E+10 7.848E+10 7.898E+10 7.949E+10 8.001E+10 8.055E+10
 8.110E+10 8.167E+10 8.220E+10 8.220E+10 8.220E+10 8.220E+10 8.220E+10 8.220E+10
 INTEGRATED OPACITY IN CM/g* FOR VO  
 2.074E+02 2.029E+02 1.979E+02 1.925E+02 1.867E+02 1.805E+02 1.739E+02 1.671E+02
 1.599E+02 1.525E+02 1.448E+02 1.368E+02 1.286E+02 1.203E+02 1.118E+02 1.034E+02
 9.505E+01 8.683E+01 7.829E+01 6.878E+01 6.051E+01 5.328E+01 4.695E+01 4.139E+01
 3.650E+01 3.218E+01 2.837E+01 2.499E+01 2.199E+01 1.931E+01 1.693E+01 1.481E+01
 1.293E+01 1.125E+01 9.775E+00 8.477E+00 7.341E+00 6.351E+00 5.489E+00 4.739E+00
 4.086E+00 3.519E+00 3.023E+00 2.575E+00 2.188E+00 1.854E+00 1.567E+00 1.321E+00
 nm= 21 for molecule: ZrO  with presmo index 33
 CONS=0; idmol,it,t=  33   1  2093. because partp,akapmol=  2.53E-10  2.84E-41
 CONS=/0; con0wr,idmol,it=    270  33  49; partp,akapmol=   0.000E+00   0.000E+00
 We assigned opacity data for  4321 OS frequency points, out of 10598 OS freq. in total
  jvlast,jvfirst =        8546           2
 SSD (sum wn-wnmol/  4321) for ZrO  was:  3.3276E-01
 INTEGRATED ABS.COF. IN CM/MOL FOR ZrO 
 2.356E+11 2.357E+11 2.357E+11 2.358E+11 2.358E+11 2.359E+11 2.360E+11 2.360E+11
 2.361E+11 2.362E+11 2.363E+11 2.363E+11 2.364E+11 2.365E+11 2.366E+11 2.366E+11
 2.367E+11 2.368E+11 2.368E+11 2.369E+11 2.369E+11 2.368E+11 2.368E+11 2.367E+11
 2.366E+11 2.365E+11 2.363E+11 2.361E+11 2.359E+11 2.357E+11 2.354E+11 2.350E+11
 2.347E+11 2.342E+11 2.338E+11 2.333E+11 2.327E+11 2.322E+11 2.316E+11 2.310E+11
 2.304E+11 2.298E+11 2.292E+11 2.292E+11 2.292E+11 2.292E+11 2.292E+11 2.292E+11
 INTEGRATED OPACITY IN CM/g* FOR ZrO 
 5.961E+01 5.982E+01 6.002E+01 6.024E+01 6.046E+01 6.069E+01 6.091E+01 6.114E+01
 6.137E+01 6.160E+01 6.182E+01 6.205E+01 6.228E+01 6.251E+01 6.273E+01 6.294E+01
 6.315E+01 6.334E+01 6.352E+01 6.370E+01 6.383E+01 6.391E+01 6.393E+01 6.390E+01
 6.380E+01 6.363E+01 6.338E+01 6.302E+01 6.254E+01 6.190E+01 6.107E+01 6.003E+01
 5.872E+01 5.709E+01 5.513E+01 5.278E+01 5.005E+01 4.695E+01 4.351E+01 3.980E+01
 3.589E+01 3.190E+01 2.794E+01 2.417E+01 2.060E+01 1.731E+01 1.436E+01 1.176E+01
 nm= 22 for molecule: H2   with presmo index 10
 CONS=0; idmol,it,t=  10  34  3362. because partp,akapmol=  2.39E-01  1.15E-48
 CONS=/0; con0wr,idmol,it=    955  10  30; partp,akapmol=   2.639E-01   6.509E-50
 CONS=/0; con0wr,idmol,it=    965  10  40; partp,akapmol=   2.006E-01   7.438E-44
 CONS=/0; con0wr,idmol,it=  32103  10  49; partp,akapmol=   0.000E+00   0.000E+00
 We assigned opacity data for 10598 OS frequency points, out of 10598 OS freq. in total
  jvlast,jvfirst =       10597           2
 SSD (sum wn-wnmol/ 10598) for H2   was:  4.2565E-01
 INTEGRATED ABS.COF. IN CM/MOL FOR H2  
 1.266E+07 1.296E+07 1.337E+07 1.388E+07 1.450E+07 1.524E+07 1.610E+07 1.711E+07
 1.826E+07 1.960E+07 2.116E+07 2.298E+07 2.512E+07 2.763E+07 3.057E+07 3.402E+07
 3.808E+07 4.288E+07 4.903E+07 5.783E+07 6.776E+07 7.896E+07 9.157E+07 1.057E+08
 1.216E+08 1.394E+08 1.593E+08 1.814E+08 2.059E+08 2.332E+08 2.633E+08 2.966E+08
 3.333E+08 3.735E+08 4.173E+08 4.650E+08 5.165E+08 5.720E+08 6.319E+08 6.963E+08
 7.659E+08 8.414E+08 9.142E+08 9.142E+08 9.142E+08 9.142E+08 9.142E+08 9.142E+08
 INTEGRATED OPACITY IN CM/g* FOR H2  
 3.387E+06 3.611E+06 3.845E+06 4.096E+06 4.371E+06 4.674E+06 5.010E+06 5.385E+06
 5.806E+06 6.281E+06 6.823E+06 7.446E+06 8.165E+06 8.998E+06 9.963E+06 1.108E+07
 1.238E+07 1.390E+07 1.579E+07 1.836E+07 2.119E+07 2.432E+07 2.774E+07 3.149E+07
 3.558E+07 4.003E+07 4.484E+07 5.002E+07 5.559E+07 6.154E+07 6.788E+07 7.460E+07
 8.168E+07 8.910E+07 9.684E+07 1.049E+08 1.132E+08 1.217E+08 1.306E+08 1.397E+08
 1.491E+08 1.589E+08 1.675E+08 1.624E+08 1.574E+08 1.525E+08 1.476E+08 1.428E+08
 nm= 23 for molecule: at1d with presmo index  1
 CONS=0; idmol,it,t=   1   1  2093. because partp,akapmol=  0.00E+00 -6.46E-06
 CONS=/0; con0wr,idmol,it=     60   1  10; partp,akapmol=   0.000E+00   1.000E-25
 We assigned opacity data for  8950 OS frequency points, out of 10598 OS freq. in total
  jvlast,jvfirst =        8950           2
 SSD (sum wn-wnmol/  8950) for at1d was:  2.9901E-04
 INTEGRATED ABS.COF. IN CM/MOL FOR at1d
 1.020E+07 1.020E+07 1.020E+07 1.020E+07 1.020E+07 1.020E+07 1.020E+07 1.020E+07
 1.020E+07 1.020E+07 1.020E+07 1.020E+07 1.020E+07 1.020E+07 1.020E+07 1.020E+07
 1.020E+07 1.020E+07 1.020E+07 1.020E+07 1.020E+07 1.020E+07 1.020E+07 1.020E+07
 1.020E+07 1.020E+07 1.020E+07 1.020E+07 1.020E+07 1.020E+07 1.020E+07 1.041E+07
 1.060E+07 1.078E+07 1.092E+07 1.105E+07 1.114E+07 1.121E+07 1.124E+07 1.125E+07
 1.122E+07 1.117E+07 1.109E+07 1.098E+07 1.085E+07 1.069E+07 1.050E+07 1.029E+07
 INTEGRATED OPACITY IN CM/g* FOR at1d
 1.020E+07 1.020E+07 1.020E+07 1.020E+07 1.020E+07 1.020E+07 1.020E+07 1.020E+07
 1.020E+07 1.020E+07 1.020E+07 1.020E+07 1.020E+07 1.020E+07 1.020E+07 1.020E+07
 1.020E+07 1.020E+07 1.020E+07 1.020E+07 1.020E+07 1.020E+07 1.020E+07 1.020E+07
 1.020E+07 1.020E+07 1.020E+07 1.020E+07 1.020E+07 1.020E+07 1.020E+07 1.041E+07
 1.060E+07 1.078E+07 1.092E+07 1.105E+07 1.114E+07 1.121E+07 1.124E+07 1.125E+07
 1.122E+07 1.117E+07 1.109E+07 1.098E+07 1.085E+07 1.069E+07 1.050E+07 1.029E+07
 total and accumulated time processing OS tables:
 Total time spent:  8.01 sec. Added time:  7.97 sec.
 time when starting OSTABLOOK:
 Total time spent:  8.08 sec. Added time:  0.07 sec.
 total and accumulated time processing OS tables:
 Total time spent: 16.00 sec. Added time:  7.92 sec.
 time when starting OSTABLOOK:
 Total time spent: 16.07 sec. Added time:  0.07 sec.
 total and accumulated time processing OS tables:
 Total time spent: 24.02 sec. Added time:  7.95 sec.
  **** NOW AFTER CALL TO SOLVE **** 
 pe(1)=   3.587463809166010E-005
 ITERATION  1
  TEMPERATURE CORRECTION WANTED BY MARCS: 
   536.1  534.4  534.7  534.8  534.7  534.3  533.5  532.2  530.0  526.8
   522.2  515.9  507.6  496.6  482.1  463.0  436.9  398.8   40.8   33.5
    25.9   24.3   24.6   25.4   26.4   27.4   28.4   29.3   30.3   31.3
    32.3   33.4   34.6   35.9   37.3   38.6   40.0   41.2   42.5   43.6
    44.8   45.9   47.0   48.3   49.5   50.8   52.3   54.0
  TEMPERATURE CORRECTION APPLIED WAS: 
   100.0  100.0  100.0  100.0  100.0  100.0  100.0  100.0  100.0  100.0
   100.0  100.0  100.0  100.0  100.0  100.0  100.0  100.0   40.7   33.4
    25.9   24.3   24.6   25.4   26.4   27.4   28.3   29.3   30.3   31.3
    32.3   33.4   34.6   35.9   37.2   38.6   39.9   41.2   42.4   43.6
    44.7   45.8   47.0   48.2   49.4   50.8   52.2   53.9
 pe(1)=   4.969867274330555E-005
  **** NOW AFTER CALL TO MATRIX ***** 
  **** NOW ITERATION            2  IS STARTING ****
 time when starting OSTABLOOK:
 Total time spent: 28.20 sec. Added time:  4.18 sec.
 total and accumulated time processing OS tables:
 Total time spent: 36.17 sec. Added time:  7.97 sec.
 time when starting OSTABLOOK:
 Total time spent: 36.23 sec. Added time:  0.06 sec.
 total and accumulated time processing OS tables:
 Total time spent: 44.18 sec. Added time:  7.94 sec.
 time when starting OSTABLOOK:
 Total time spent: 44.23 sec. Added time:  0.06 sec.
 total and accumulated time processing OS tables:
 Total time spent: 52.17 sec. Added time:  7.94 sec.
  **** NOW AFTER CALL TO SOLVE **** 
 pe(1)=   4.969867274330555E-005
 ITERATION  2
  TEMPERATURE CORRECTION WANTED BY MARCS: 
   453.4  452.4  452.2  451.9  451.4  450.7  449.8  448.6  446.7  444.1
   440.5  435.6  429.3  421.1  410.7  397.4  380.3  354.9  371.8  320.4
    -5.3  -42.3  -32.2  -25.6  -21.3  -18.5  -16.7  -15.6  -15.0  -14.7
   -14.7  -14.9  -15.3  -15.7  -16.3  -16.9  -17.5  -18.2  -18.8  -19.5
   -20.1  -20.8  -21.5  -22.2  -23.0  -23.9  -24.8  -25.9
  TEMPERATURE CORRECTION APPLIED WAS: 
   100.0  100.0  100.0  100.0  100.0  100.0  100.0  100.0  100.0  100.0
   100.0  100.0  100.0  100.0  100.0  100.0  100.0  100.0  100.0  100.0
    -5.3  -42.1  -32.2  -25.6  -21.2  -18.5  -16.7  -15.6  -15.0  -14.7
   -14.7  -14.9  -15.3  -15.7  -16.3  -16.9  -17.5  -18.2  -18.8  -19.5
   -20.1  -20.8  -21.5  -22.2  -23.0  -23.9  -24.8  -25.9
 pe(1)=   5.623641916037293E-005
  **** NOW AFTER CALL TO MATRIX ***** 
  **** NOW ITERATION            3  IS STARTING ****
 time when starting OSTABLOOK:
 Total time spent: 56.20 sec. Added time:  4.03 sec.
 total and accumulated time processing OS tables:
 Total time spent: 64.23 sec. Added time:  8.03 sec.
 time when starting OSTABLOOK:
 Total time spent: 64.28 sec. Added time:  0.05 sec.
 total and accumulated time processing OS tables:
 Total time spent: 72.23 sec. Added time:  7.95 sec.
 time when starting OSTABLOOK:
 Total time spent: 72.29 sec. Added time:  0.06 sec.
 total and accumulated time processing OS tables:
 Total time spent: 80.26 sec. Added time:  7.96 sec.
  **** NOW AFTER CALL TO SOLVE **** 
 pe(1)=   5.623641916037293E-005
 ITERATION  3
  TEMPERATURE CORRECTION WANTED BY MARCS: 
   399.0  385.9  379.8  378.4  379.4  381.4  383.6  385.4  386.3  386.1
   384.7  381.8  377.4  371.2  362.6  351.2  336.0  308.6  325.3  265.5
     8.7    8.6    9.1    6.4    3.8    1.7    0.1   -1.1   -2.0   -2.7
    -3.2   -3.7   -4.0   -4.3   -4.6   -4.8   -5.0   -5.1   -5.3   -5.4
    -5.5   -5.5   -5.6   -5.6   -5.7   -5.7   -5.7   -5.8
  TEMPERATURE CORRECTION APPLIED WAS: 
   100.0  100.0  100.0  100.0  100.0  100.0  100.0  100.0  100.0  100.0
   100.0  100.0  100.0  100.0  100.0  100.0  100.0  100.0  100.0  100.0
     8.7    8.6    9.1    6.4    3.8    1.7    0.1   -1.1   -2.0   -2.7
    -3.2   -3.7   -4.0   -4.3   -4.6   -4.8   -5.0   -5.1   -5.3   -5.4
    -5.5   -5.5   -5.6   -5.6   -5.7   -5.7   -5.7   -5.8
 pe(1)=   1.036069017286945E-004
  **** NOW AFTER CALL TO MATRIX ***** 
  **** NOW ITERATION            4  IS STARTING ****
 time when starting OSTABLOOK:
 Total time spent: 83.79 sec. Added time:  3.53 sec.
 total and accumulated time processing OS tables:
 Total time spent: 91.73 sec. Added time:  7.94 sec.
 time when starting OSTABLOOK:
 Total time spent: 91.80 sec. Added time:  0.07 sec.
 total and accumulated time processing OS tables:
 Total time spent:  99.73 sec. Added time:  7.94 sec.
 time when starting OSTABLOOK:
 Total time spent:  99.80 sec. Added time:  0.06 sec.
 total and accumulated time processing OS tables:
 Total time spent: 107.75 sec. Added time:  7.95 sec.
  **** NOW AFTER CALL TO SOLVE **** 
 pe(1)=   1.036069017286945E-004
 ITERATION  4
  TEMPERATURE CORRECTION WANTED BY MARCS: 
   433.1  437.1  444.7  442.4  423.5  410.4  400.8  393.3  386.7  380.8
   375.1  369.6  363.6  356.5  347.6  335.9  320.4  284.2  288.9  209.0
     4.8   28.7   13.9    7.3    3.6    1.3   -0.1   -1.0   -1.7   -2.2
    -2.5   -2.8   -3.0   -3.2   -3.3   -3.5   -3.6   -3.7   -3.8   -3.9
    -4.0   -4.1   -4.2   -4.3   -4.3   -4.4   -4.6   -4.7
  TEMPERATURE CORRECTION APPLIED WAS: 
   100.0  100.0  100.0  100.0  100.0  100.0  100.0  100.0  100.0  100.0
   100.0  100.0  100.0  100.0  100.0  100.0  100.0  100.0  100.0  100.0
     4.8   28.6   13.9    7.3    3.6    1.3   -0.1   -1.0   -1.7   -2.2
    -2.5   -2.8   -3.0   -3.2   -3.3   -3.5   -3.6   -3.7   -3.8   -3.9
    -4.0   -4.1   -4.2   -4.3   -4.3   -4.4   -4.6   -4.7
 pe(1)=   1.948211468432557E-004
  **** NOW AFTER CALL TO MATRIX ***** 
  **** NOW ITERATION            5  IS STARTING ****
 time when starting OSTABLOOK:
 Total time spent: 111.10 sec. Added time:  3.35 sec.
 total and accumulated time processing OS tables:
 Total time spent: 119.03 sec. Added time:  7.93 sec.
 time when starting OSTABLOOK:
 Total time spent: 119.09 sec. Added time:  0.06 sec.
 total and accumulated time processing OS tables:
 Total time spent: 127.01 sec. Added time:  7.93 sec.
 time when starting OSTABLOOK:
 Total time spent: 127.07 sec. Added time:  0.05 sec.
 total and accumulated time processing OS tables:
 Total time spent: 134.99 sec. Added time:  7.93 sec.
  **** NOW AFTER CALL TO SOLVE **** 
 pe(1)=   1.948211468432557E-004
 ITERATION  5
  TEMPERATURE CORRECTION WANTED BY MARCS: 
   536.7  522.4  515.0  508.0  500.1  491.4  481.4  469.2  456.3  442.4
   428.3  414.0  399.5  384.5  368.8  351.3  330.3  284.1  290.7  162.5
     1.6   20.2   17.9    9.8    3.0    2.9    2.2    1.6    1.1    0.7
     0.4    0.2    0.0   -0.1   -0.2   -0.2   -0.3   -0.3   -0.3   -0.4
    -0.4   -0.4   -0.4   -0.4   -0.4   -0.4   -0.3   -0.3
  TEMPERATURE CORRECTION APPLIED WAS: 
   100.0  100.0  100.0  100.0  100.0  100.0  100.0  100.0  100.0  100.0
   100.0  100.0  100.0  100.0  100.0  100.0  100.0  100.0  100.0  100.0
     1.6   20.2   17.9    9.8    3.0    2.9    2.2    1.6    1.1    0.7
     0.4    0.2    0.0   -0.1   -0.2   -0.2   -0.3   -0.3   -0.3   -0.4
    -0.4   -0.4   -0.4   -0.4   -0.4   -0.4   -0.3   -0.3
 pe(1)=   3.628737266297963E-004
  **** NOW AFTER CALL TO MATRIX ***** 
  **** NOW ITERATION            6  IS STARTING ****
 time when starting OSTABLOOK:
 Total time spent: 138.41 sec. Added time:  3.41 sec.
 total and accumulated time processing OS tables:
 Total time spent: 146.32 sec. Added time:  7.91 sec.
 time when starting OSTABLOOK:
 Total time spent: 146.39 sec. Added time:  0.07 sec.
 total and accumulated time processing OS tables:
 Total time spent: 154.38 sec. Added time:  7.99 sec.
 time when starting OSTABLOOK:
 Total time spent: 154.45 sec. Added time:  0.07 sec.
 total and accumulated time processing OS tables:
 Total time spent: 162.34 sec. Added time:  7.89 sec.
  **** NOW AFTER CALL TO SOLVE **** 
 pe(1)=   3.628737266297963E-004
 ITERATION  6
  TEMPERATURE CORRECTION WANTED BY MARCS: 
   632.2  615.0  603.2  593.5  583.8  573.2  561.7  548.7  534.5  519.3
   503.4  487.0  470.2  452.8  434.1  413.1  387.1  326.1  305.8  116.4
   -15.1  -13.0  -21.8  -28.9   18.6   12.2    8.9    6.8    5.3    4.3
     3.6    3.1    2.7    2.5    2.4    2.3    2.3    2.3    2.3    2.3
     2.3    2.4    2.4    2.5    2.6    2.6    2.7    2.8
  TEMPERATURE CORRECTION APPLIED WAS: 
   100.0  100.0  100.0  100.0  100.0  100.0  100.0  100.0  100.0  100.0
   100.0  100.0  100.0  100.0  100.0  100.0  100.0  100.0  100.0  100.0
   -15.1  -13.0  -21.8  -28.8   18.5   12.2    8.9    6.8    5.3    4.3
     3.6    3.1    2.7    2.5    2.4    2.3    2.3    2.3    2.3    2.3
     2.3    2.4    2.4    2.5    2.6    2.6    2.7    2.8
 pe(1)=   6.437090063451282E-004
  **** NOW AFTER CALL TO MATRIX ***** 
  **** NOW ITERATION            7  IS STARTING ****
 time when starting OSTABLOOK:
 Total time spent: 165.81 sec. Added time:  3.47 sec.
 total and accumulated time processing OS tables:
 Total time spent: 173.72 sec. Added time:  7.91 sec.
 time when starting OSTABLOOK:
 Total time spent: 173.79 sec. Added time:  0.06 sec.
 total and accumulated time processing OS tables:
 Total time spent: 181.72 sec. Added time:  7.94 sec.
 time when starting OSTABLOOK:
 Total time spent: 181.78 sec. Added time:  0.06 sec.
 total and accumulated time processing OS tables:
 Total time spent: 189.68 sec. Added time:  7.90 sec.
  **** NOW AFTER CALL TO SOLVE **** 
 pe(1)=   6.437090063451282E-004
 ITERATION  7
  TEMPERATURE CORRECTION WANTED BY MARCS: 
   775.0  763.3  758.1  754.5  751.6  747.4  741.0  732.3  720.2  705.4
   688.0  669.0  647.4  623.3  595.3  561.7  517.4  428.4  375.2   94.1
    24.5  -17.5   -7.4    6.7  -44.5   16.2   12.0    8.7    6.2    4.4
     3.1    2.1    1.4    0.9    0.5    0.2    0.0   -0.1   -0.2   -0.3
    -0.4   -0.5   -0.5   -0.5   -0.6   -0.6   -0.7   -0.7
  TEMPERATURE CORRECTION APPLIED WAS: 
   100.0  100.0  100.0  100.0  100.0  100.0  100.0  100.0  100.0  100.0
   100.0  100.0  100.0  100.0  100.0  100.0  100.0  100.0  100.0   93.0
    24.5  -17.5   -7.4    6.7  -44.3   16.2   12.0    8.7    6.2    4.4
     3.1    2.1    1.4    0.9    0.5    0.2    0.0   -0.1   -0.2   -0.3
    -0.4   -0.5   -0.5   -0.5   -0.6   -0.6   -0.7   -0.7
 pe(1)=   1.084356966361058E-003
  **** NOW AFTER CALL TO MATRIX ***** 
  **** NOW ITERATION            8  IS STARTING ****
 time when starting OSTABLOOK:
 Total time spent: 193.31 sec. Added time:  3.63 sec.
 total and accumulated time processing OS tables:
 Total time spent: 201.22 sec. Added time:  7.91 sec.
 time when starting OSTABLOOK:
 Total time spent: 201.28 sec. Added time:  0.06 sec.
 total and accumulated time processing OS tables:
 Total time spent: 209.21 sec. Added time:  7.93 sec.
 time when starting OSTABLOOK:
 Total time spent: 209.28 sec. Added time:  0.07 sec.
 total and accumulated time processing OS tables:
 Total time spent: 217.20 sec. Added time:  7.92 sec.
  **** NOW AFTER CALL TO SOLVE **** 
 pe(1)=   1.084356966361058E-003
 ITERATION  8
  TEMPERATURE CORRECTION WANTED BY MARCS: 
   940.1  939.2  949.8  964.2  987.4  984.0  992.3  994.3  990.1  979.0
   962.6  939.0  908.1  869.0  819.6  755.7  670.7  535.8  455.6   96.4
    -4.4   40.7   82.3   61.0   56.8  -22.4  -12.4   -5.8   -5.4   -5.7
    -6.2   -6.7   -7.2   -7.7   -8.1   -8.6   -9.0   -9.3   -9.7  -10.0
   -10.2  -10.5  -10.8  -11.1  -11.4  -11.7  -12.1  -12.5
  TEMPERATURE CORRECTION APPLIED WAS: 
   100.0  100.0  100.0  100.0  100.0  100.0  100.0  100.0  100.0  100.0
   100.0  100.0  100.0  100.0  100.0  100.0  100.0  100.0  100.0   95.3
    -4.4   40.6   81.4   60.6   56.6  -22.4  -12.4   -5.8   -5.4   -5.7
    -6.2   -6.7   -7.2   -7.7   -8.1   -8.6   -9.0   -9.3   -9.7  -10.0
   -10.2  -10.5  -10.8  -11.1  -11.4  -11.7  -12.1  -12.5
 pe(1)=   1.728742937004052E-003
  **** NOW AFTER CALL TO MATRIX ***** 
  **** NOW ITERATION            9  IS STARTING ****
 time when starting OSTABLOOK:
 Total time spent: 220.72 sec. Added time:  3.52 sec.
 total and accumulated time processing OS tables:
 Total time spent: 228.62 sec. Added time:  7.89 sec.
 time when starting OSTABLOOK:
 Total time spent: 228.68 sec. Added time:  0.06 sec.
 total and accumulated time processing OS tables:
 Total time spent: 236.58 sec. Added time:  7.91 sec.
 time when starting OSTABLOOK:
 Total time spent: 236.65 sec. Added time:  0.06 sec.
 total and accumulated time processing OS tables:
 Total time spent: 244.53 sec. Added time:  7.88 sec.
  **** NOW AFTER CALL TO SOLVE **** 
 pe(1)=   1.728742937004052E-003
 ITERATION  9
  TEMPERATURE CORRECTION WANTED BY MARCS: 
   986.5  997.7 1022.8 1060.9 1072.0 1095.1 1110.1 1116.2 1111.8 1098.2
  1072.1 1034.0  982.8  917.0  836.2  733.6  571.4  432.4  361.9   22.6
    24.2  -27.3  -86.2  -59.9  -43.0   37.0   24.0   14.9   13.1   12.9
    12.8   12.9   13.0   13.2   13.5   13.8   14.2   14.5   14.9   15.3
    15.7   16.1   16.5   16.9   17.4   17.9   18.5   19.2
  TEMPERATURE CORRECTION APPLIED WAS: 
   100.0  100.0  100.0  100.0  100.0  100.0  100.0  100.0  100.0  100.0
   100.0  100.0  100.0  100.0  100.0  100.0  100.0  100.0  100.0   22.6
    24.2  -27.3  -85.1  -59.6  -42.9   37.0   24.0   14.9   13.1   12.9
    12.8   12.9   13.0   13.2   13.5   13.8   14.2   14.5   14.9   15.3
    15.7   16.1   16.5   16.9   17.4   17.9   18.5   19.2
 pe(1)=   2.620062100253448E-003
  **** NOW AFTER CALL TO MATRIX ***** 
  **** NOW ITERATION           10  IS STARTING ****
 time when starting OSTABLOOK:
 Total time spent: 247.99 sec. Added time:  3.45 sec.
 total and accumulated time processing OS tables:
 Total time spent: 255.92 sec. Added time:  7.93 sec.
 time when starting OSTABLOOK:
 Total time spent: 255.98 sec. Added time:  0.07 sec.
 total and accumulated time processing OS tables:
 Total time spent: 263.89 sec. Added time:  7.90 sec.
 time when starting OSTABLOOK:
 Total time spent: 263.95 sec. Added time:  0.06 sec.
 total and accumulated time processing OS tables:
 Total time spent: 271.82 sec. Added time:  7.88 sec.
  **** NOW AFTER CALL TO SOLVE **** 
 pe(1)=   2.620062100253448E-003
 ITERATION 10
  TEMPERATURE CORRECTION WANTED BY MARCS: 
   874.6  893.2  916.0  941.1  961.6  977.4  986.2  985.1  973.3  951.7
   918.1  866.8  758.0  691.2  617.3  534.3  440.2  325.5  243.6    0.7
    73.9   77.7   68.3   46.3   30.7  -14.1  -10.9   -9.7   -8.6   -8.5
    -8.3   -8.1   -8.0   -8.0   -8.1   -8.2   -8.4   -8.6   -8.8   -9.0
    -9.2   -9.4   -9.7  -10.0  -10.3  -10.6  -11.0  -11.5
  TEMPERATURE CORRECTION APPLIED WAS: 
   100.0  100.0  100.0  100.0  100.0  100.0  100.0  100.0  100.0  100.0
   100.0  100.0  100.0  100.0  100.0  100.0  100.0  100.0  100.0    0.7
    73.2   76.9   67.8   46.1   30.7  -14.0  -10.9   -9.7   -8.6   -8.5
    -8.3   -8.1   -8.0   -8.0   -8.1   -8.2   -8.4   -8.6   -8.8   -9.0
    -9.2   -9.4   -9.7  -10.0  -10.3  -10.6  -11.0  -11.5
 pe(1)=   3.794410653640616E-003
  **** NOW AFTER CALL TO MATRIX ***** 
  **** NOW ITERATION           11  IS STARTING ****
 time when starting OSTABLOOK:
 Total time spent: 275.45 sec. Added time:  3.63 sec.
 total and accumulated time processing OS tables:
 Total time spent: 283.35 sec. Added time:  7.90 sec.
 time when starting OSTABLOOK:
 Total time spent: 283.41 sec. Added time:  0.06 sec.
 total and accumulated time processing OS tables:
 Total time spent: 291.29 sec. Added time:  7.88 sec.
 time when starting OSTABLOOK:
 Total time spent: 291.34 sec. Added time:  0.05 sec.
 total and accumulated time processing OS tables:
 Total time spent: 299.23 sec. Added time:  7.89 sec.
  **** NOW AFTER CALL TO SOLVE **** 
 pe(1)=   3.794410653640616E-003
 ITERATION 11
  TEMPERATURE CORRECTION WANTED BY MARCS: 
   689.8  699.5  714.0  727.4  738.2  740.9  733.7  678.6  660.9  639.8
   614.0  581.2  540.9  492.0  434.5  366.2  285.9  189.0  109.1  -19.9
  -129.2  -55.9  -46.5  -45.5  -48.3  -64.1  -44.0   34.3   31.1   29.2
    28.1   27.6   27.5   27.8   28.3   28.9   29.6   30.4   31.1   31.9
    32.7   33.4   34.3   35.2   36.1   37.1   38.3   39.6
  TEMPERATURE CORRECTION APPLIED WAS: 
   100.0  100.0  100.0  100.0  100.0  100.0  100.0  100.0  100.0  100.0
   100.0  100.0  100.0  100.0  100.0  100.0  100.0  100.0  100.0  -19.9
  -100.0  -55.6  -46.3  -45.4  -48.1  -63.7  -43.9   34.3   31.0   29.2
    28.1   27.6   27.5   27.8   28.3   28.9   29.6   30.4   31.1   31.9
    32.6   33.4   34.2   35.1   36.1   37.1   38.3   39.6
 pe(1)=   5.672027225463096E-003
  **** NOW AFTER CALL TO MATRIX ***** 
  **** NOW ITERATION           12  IS STARTING ****
 time when starting OSTABLOOK:
 Total time spent: 302.41 sec. Added time:  3.18 sec.
 total and accumulated time processing OS tables:
 Total time spent: 310.32 sec. Added time:  7.91 sec.
 time when starting OSTABLOOK:
 Total time spent: 310.37 sec. Added time:  0.05 sec.
 total and accumulated time processing OS tables:
 Total time spent: 318.32 sec. Added time:  7.95 sec.
 time when starting OSTABLOOK:
 Total time spent: 318.38 sec. Added time:  0.05 sec.
 total and accumulated time processing OS tables:
 Total time spent: 326.29 sec. Added time:  7.91 sec.
  **** NOW AFTER CALL TO SOLVE **** 
 pe(1)=   5.672027225463096E-003
 ITERATION 12
  TEMPERATURE CORRECTION WANTED BY MARCS: 
   395.7  404.9  416.0  424.7  430.2  431.5  429.4  422.8  411.7  395.8
   374.5  347.9  314.5  274.0  225.3  167.7   99.9   18.2  -55.7  -98.4
   -32.7  -42.0  -13.3   -4.4   45.5   42.1   27.5  -22.6  -20.1  -18.6
   -17.6  -17.1  -17.0  -17.0  -17.3  -17.6  -18.1  -18.6  -19.1  -19.6
   -20.1  -20.7  -21.3  -22.0  -22.8  -23.6  -24.5  -25.5
  TEMPERATURE CORRECTION APPLIED WAS: 
   100.0  100.0  100.0  100.0  100.0  100.0  100.0  100.0  100.0  100.0
   100.0  100.0  100.0  100.0  100.0  100.0   98.9   18.2  -55.5  -97.3
   -32.6  -41.8  -13.3   -4.4   45.4   42.0   27.5  -22.6  -20.1  -18.6
   -17.6  -17.1  -16.9  -17.0  -17.3  -17.6  -18.1  -18.6  -19.1  -19.6
   -20.1  -20.7  -21.3  -22.0  -22.7  -23.5  -24.5  -25.5
 pe(1)=   7.302246169682893E-003
  **** NOW AFTER CALL TO MATRIX ***** 
  **** NOW ITERATION           13  IS STARTING ****
 time when starting OSTABLOOK:
 Total time spent: 329.57 sec. Added time:  3.29 sec.
 total and accumulated time processing OS tables:
 Total time spent: 337.50 sec. Added time:  7.92 sec.
 time when starting OSTABLOOK:
 Total time spent: 337.54 sec. Added time:  0.05 sec.
 total and accumulated time processing OS tables:
 Total time spent: 345.44 sec. Added time:  7.90 sec.
 time when starting OSTABLOOK:
 Total time spent: 345.50 sec. Added time:  0.06 sec.
 total and accumulated time processing OS tables:
 Total time spent: 353.39 sec. Added time:  7.89 sec.
  **** NOW AFTER CALL TO SOLVE **** 
 pe(1)=   7.302246169682893E-003
 ITERATION 13
  TEMPERATURE CORRECTION WANTED BY MARCS: 
   225.0  238.0  248.4  255.7  259.9  261.0  255.9  248.3  236.7  220.7
   200.2  174.5  143.6  106.6   63.2   13.3  -46.2  -36.2  -44.6  -61.7
    56.9   44.7   28.5   26.5   -0.9    0.4   -1.1  -15.8  -14.1  -12.9
   -12.1  -11.6  -11.3  -11.2  -11.2  -11.3  -11.5  -11.6  -11.8  -12.0
   -12.2  -12.4  -12.6  -12.8  -13.0  -13.3  -13.5  -13.8
  TEMPERATURE CORRECTION APPLIED WAS: 
   100.0  100.0  100.0  100.0  100.0  100.0  100.0  100.0  100.0  100.0
   100.0  100.0  100.0  100.0   62.9   13.3  -46.1  -36.1  -44.5  -61.4
    56.6   44.5   28.4   26.4   -0.9    0.4   -1.1  -15.8  -14.1  -12.9
   -12.1  -11.6  -11.3  -11.2  -11.2  -11.3  -11.5  -11.6  -11.8  -12.0
   -12.2  -12.4  -12.6  -12.8  -13.0  -13.3  -13.5  -13.8
 pe(1)=   8.790920822122529E-003
  **** NOW AFTER CALL TO MATRIX ***** 
  **** NOW ITERATION           14  IS STARTING ****
 time when starting OSTABLOOK:
 Total time spent: 356.78 sec. Added time:  3.39 sec.
 total and accumulated time processing OS tables:
 Total time spent: 364.86 sec. Added time:  8.08 sec.
 time when starting OSTABLOOK:
 Total time spent: 364.92 sec. Added time:  0.06 sec.
 total and accumulated time processing OS tables:
 Total time spent: 372.85 sec. Added time:  7.93 sec.
 time when starting OSTABLOOK:
 Total time spent: 372.92 sec. Added time:  0.06 sec.
 total and accumulated time processing OS tables:
 Total time spent: 380.84 sec. Added time:  7.92 sec.
  **** NOW AFTER CALL TO SOLVE **** 
 pe(1)=   8.790920822122529E-003
 ITERATION 14
  TEMPERATURE CORRECTION WANTED BY MARCS: 
    58.7   71.8   83.2   91.5   96.6   98.2   96.5   91.3   82.4   69.8
    53.2   32.4    7.6  -21.8  -15.6   -3.6    9.3    6.8  -10.6   18.0
    23.6   20.2   15.4   14.4    4.1    4.4    3.4   -3.7   -3.0   -2.6
    -2.3   -2.1   -2.0   -1.9   -1.9   -1.8   -1.8   -1.8   -1.8   -1.8
    -1.8   -1.8   -1.8   -1.7   -1.7   -1.7   -1.7   -1.6
  TEMPERATURE CORRECTION APPLIED WAS: 
    58.5   71.4   82.6   90.7   95.6   97.2   95.6   90.5   81.9   69.5
    53.0   32.3    7.6  -21.8  -15.6   -3.6    9.3    6.8  -10.6   18.0
    23.6   20.2   15.4   14.4    4.1    4.4    3.4   -3.7   -3.0   -2.6
    -2.3   -2.1   -2.0   -1.9   -1.9   -1.8   -1.8   -1.8   -1.8   -1.8
    -1.8   -1.8   -1.8   -1.7   -1.7   -1.7   -1.7   -1.6
 pe(1)=   9.631916574199812E-003
  **** NOW AFTER CALL TO MATRIX ***** 
  **** NOW ITERATION           15  IS STARTING ****
 time when starting OSTABLOOK:
 Total time spent: 385.39 sec. Added time:  4.55 sec.
 total and accumulated time processing OS tables:
 Total time spent: 393.32 sec. Added time:  7.93 sec.
 time when starting OSTABLOOK:
 Total time spent: 393.39 sec. Added time:  0.07 sec.
 total and accumulated time processing OS tables:
 Total time spent: 401.32 sec. Added time:  7.94 sec.
 time when starting OSTABLOOK:
 Total time spent: 401.39 sec. Added time:  0.06 sec.
 total and accumulated time processing OS tables:
 Total time spent: 409.32 sec. Added time:  7.93 sec.
  **** NOW AFTER CALL TO SOLVE **** 
 pe(1)=   9.631916574199812E-003
 ITERATION 15
  TEMPERATURE CORRECTION WANTED BY MARCS: 
   -32.6  -35.0  -36.0  -36.1  -35.1  -33.2  -30.3  -26.4  -21.5  -15.7
    -9.1   -2.1    4.4   10.3    9.6    7.1    2.9    1.8    4.6   10.5
     7.9    6.6    4.9    4.6    0.9    1.0    0.9   -1.5   -1.3   -1.2
    -1.1   -1.0   -1.0   -1.0   -1.0   -1.0   -1.0   -1.1   -1.1   -1.1
    -1.1   -1.1   -1.1   -1.2   -1.2   -1.2   -1.2   -1.3
  TEMPERATURE CORRECTION APPLIED WAS: 
   -32.6  -35.0  -36.0  -36.0  -35.1  -33.1  -30.3  -26.4  -21.5  -15.7
    -9.1   -2.1    4.4   10.3    9.6    7.1    2.9    1.8    4.6   10.5
     7.9    6.6    4.9    4.6    0.9    1.0    0.9   -1.5   -1.3   -1.2
    -1.1   -1.0   -1.0   -1.0   -1.0   -1.0   -1.0   -1.1   -1.1   -1.1
    -1.1   -1.1   -1.1   -1.2   -1.2   -1.2   -1.2   -1.3
 pe(1)=   9.044260404841605E-003
  **** NOW AFTER CALL TO MATRIX ***** 
  **** NOW ITERATION           16  IS STARTING ****
 time when starting OSTABLOOK:
 Total time spent: 413.39 sec. Added time:  4.08 sec.
 total and accumulated time processing OS tables:
 Total time spent: 421.32 sec. Added time:  7.93 sec.
 time when starting OSTABLOOK:
 Total time spent: 421.38 sec. Added time:  0.06 sec.
 total and accumulated time processing OS tables:
 Total time spent: 429.31 sec. Added time:  7.93 sec.
 time when starting OSTABLOOK:
 Total time spent: 429.37 sec. Added time:  0.06 sec.
 total and accumulated time processing OS tables:
 Total time spent: 437.29 sec. Added time:  7.93 sec.
  **** NOW AFTER CALL TO SOLVE **** 
 pe(1)=   9.044260404841605E-003
 ITERATION 16
  TEMPERATURE CORRECTION WANTED BY MARCS: 
     9.8    8.5    6.8    5.3    4.0    2.9    1.9    0.9   -0.1   -1.2
    -2.4   -3.7   -4.9   -5.8   -4.8   -3.2   -1.3    0.2    3.6    5.1
     2.2    1.8    1.3    1.2    0.1    0.1    0.1   -0.5   -0.4   -0.4
    -0.4   -0.4   -0.4   -0.4   -0.4   -0.4   -0.4   -0.4   -0.4   -0.5
    -0.5   -0.5   -0.5   -0.5   -0.5   -0.5   -0.5   -0.5
  TEMPERATURE CORRECTION APPLIED WAS: 
     9.8    8.5    6.8    5.3    4.0    2.9    1.9    0.9   -0.1   -1.2
    -2.4   -3.7   -4.9   -5.8   -4.8   -3.2   -1.3    0.2    3.6    5.1
     2.2    1.8    1.3    1.2    0.1    0.1    0.1   -0.5   -0.4   -0.4
    -0.4   -0.4   -0.4   -0.4   -0.4   -0.4   -0.4   -0.4   -0.4   -0.5
    -0.5   -0.5   -0.5   -0.5   -0.5   -0.5   -0.5   -0.5
 pe(1)=   9.219228682583805E-003
  **** NOW AFTER CALL TO MATRIX ***** 
  **** NOW ITERATION           17  IS STARTING ****
 time when starting OSTABLOOK:
 Total time spent: 441.01 sec. Added time:  3.72 sec.
 total and accumulated time processing OS tables:
 Total time spent: 448.95 sec. Added time:  7.94 sec.
 time when starting OSTABLOOK:
 Total time spent: 449.00 sec. Added time:  0.05 sec.
 total and accumulated time processing OS tables:
 Total time spent: 456.94 sec. Added time:  7.93 sec.
 time when starting OSTABLOOK:
 Total time spent: 457.01 sec. Added time:  0.07 sec.
 total and accumulated time processing OS tables:
 Total time spent: 464.93 sec. Added time:  7.92 sec.
  **** NOW AFTER CALL TO SOLVE **** 
 pe(1)=   9.219228682583805E-003
 ITERATION 17
  TEMPERATURE CORRECTION WANTED BY MARCS: 
    -1.2   -0.6    0.1    0.6    1.0    1.3    1.6    1.8    2.0    2.1
     2.3    2.4    2.3    2.1    1.6    1.0    0.5    0.5    1.8    1.9
     0.3    0.3    0.2    0.2    0.0    0.0    0.0    0.0    0.0    0.0
     0.0    0.0    0.0    0.0    0.0    0.0    0.0    0.0    0.0    0.0
     0.0    0.1    0.1    0.1    0.1    0.1    0.1    0.1
  TEMPERATURE CORRECTION APPLIED WAS: 
    -1.2   -0.6    0.1    0.6    1.0    1.3    1.6    1.8    2.0    2.1
     2.3    2.4    2.3    2.1    1.6    1.0    0.5    0.5    1.8    1.9
     0.3    0.3    0.2    0.2    0.0    0.0    0.0    0.0    0.0    0.0
     0.0    0.0    0.0    0.0    0.0    0.0    0.0    0.0    0.0    0.0
     0.0    0.1    0.1    0.1    0.1    0.1    0.1    0.1
 pe(1)=   9.196591432524112E-003
  **** NOW AFTER CALL TO MATRIX ***** 
  **** NOW ITERATION           18  IS STARTING ****
 time when starting OSTABLOOK:
 Total time spent: 468.97 sec. Added time:  4.04 sec.
 total and accumulated time processing OS tables:
 Total time spent: 476.90 sec. Added time:  7.93 sec.
 time when starting OSTABLOOK:
 Total time spent: 476.96 sec. Added time:  0.06 sec.
 total and accumulated time processing OS tables:
 Total time spent: 484.90 sec. Added time:  7.93 sec.
 time when starting OSTABLOOK:
 Total time spent: 484.97 sec. Added time:  0.07 sec.
 total and accumulated time processing OS tables:
 Total time spent: 492.91 sec. Added time:  7.94 sec.
  **** NOW AFTER CALL TO SOLVE **** 
 pe(1)=   9.196591432524112E-003
 ITERATION 18
  TEMPERATURE CORRECTION WANTED BY MARCS: 
    -0.5   -0.7   -0.8   -0.9   -1.0   -1.0   -1.0   -1.1   -1.1   -1.0
    -1.0   -0.9   -0.8   -0.6   -0.3   -0.1    0.1    0.4    1.0    0.9
     0.0    0.0    0.0    0.0   -0.0   -0.0   -0.0   -0.0   -0.0   -0.0
    -0.0   -0.0   -0.0   -0.0   -0.0   -0.0   -0.0   -0.0   -0.0   -0.0
    -0.0   -0.0   -0.0   -0.0   -0.0   -0.1   -0.1   -0.1
  TEMPERATURE CORRECTION APPLIED WAS: 
    -0.5   -0.7   -0.8   -0.9   -1.0   -1.0   -1.0   -1.1   -1.1   -1.0
    -1.0   -0.9   -0.8   -0.6   -0.3   -0.1    0.1    0.4    1.0    0.9
     0.0    0.0    0.0    0.0   -0.0   -0.0   -0.0   -0.0   -0.0   -0.0
    -0.0   -0.0   -0.0   -0.0   -0.0   -0.0   -0.0   -0.0   -0.0   -0.0
    -0.0   -0.0   -0.0   -0.0   -0.0   -0.1   -0.1   -0.1
 pe(1)=   9.188827671170026E-003
  **** NOW AFTER CALL TO MATRIX ***** 
  **** NOW ITERATION           19  IS STARTING ****
 time when starting OSTABLOOK:
 Total time spent: 497.05 sec. Added time:  4.14 sec.
 total and accumulated time processing OS tables:
 Total time spent: 504.98 sec. Added time:  7.94 sec.
 time when starting OSTABLOOK:
 Total time spent: 505.04 sec. Added time:  0.06 sec.
 total and accumulated time processing OS tables:
 Total time spent: 512.96 sec. Added time:  7.92 sec.
 time when starting OSTABLOOK:
 Total time spent: 513.03 sec. Added time:  0.07 sec.
 total and accumulated time processing OS tables:
 Total time spent: 520.95 sec. Added time:  7.91 sec.
  **** NOW AFTER CALL TO SOLVE **** 
 pe(1)=   9.188827671170026E-003
 ITERATION 19
  TEMPERATURE CORRECTION WANTED BY MARCS: 
     0.5    0.5    0.5    0.5    0.5    0.5    0.4    0.4    0.4    0.4
     0.3    0.3    0.2    0.1    0.0   -0.0   -0.0    0.0    0.4    0.3
     0.0   -0.0   -0.0   -0.0   -0.0   -0.0   -0.0   -0.0   -0.0   -0.0
    -0.0   -0.0   -0.0   -0.0   -0.0   -0.0   -0.0   -0.0   -0.0   -0.0
    -0.0   -0.0   -0.0   -0.0   -0.0   -0.0   -0.0   -0.0
  TEMPERATURE CORRECTION APPLIED WAS: 
     0.5    0.5    0.5    0.5    0.5    0.5    0.4    0.4    0.4    0.4
     0.3    0.3    0.2    0.1    0.0   -0.0   -0.0    0.0    0.4    0.3
     0.0   -0.0   -0.0   -0.0   -0.0   -0.0   -0.0   -0.0   -0.0   -0.0
    -0.0   -0.0   -0.0   -0.0   -0.0   -0.0   -0.0   -0.0   -0.0   -0.0
    -0.0   -0.0   -0.0   -0.0   -0.0   -0.0   -0.0   -0.0
 pe(1)=   9.196895584261200E-003
  **** NOW AFTER CALL TO MATRIX ***** 
 ARCHIV RECORDS WRITTEN ON LUN 22
  **** NOW calling listmo  **** 
 time when starting OSTABLOOK:
 Total time spent: 526.69 sec. Added time:  5.75 sec.
 total and accumulated time processing OS tables:
 Total time spent: 534.62 sec. Added time:  7.93 sec.
 Total  10598 OS wavenumbers for Marcs radiative transf.
 Approximate resolution was   2000.
 OS interval:  400.0-  80004.0 cm^-1 (= 0.12- 25.0mu)
