 &INPUTOS
 WNB     =   400.000000000000     ,   1004.00000000000     ,   16010.0000000000     ,   25020.0000000000     ,
    30040.0000000000     ,   40500.0000000000     ,   100000.000000000     , 18*0.000000000000000E+000  ,
 WNSTEP  =   5.00000000000000     ,   4.00000000000000     ,   10.0000000000000     ,   20.0000000000000     ,
    40.0000000000000     ,   500.000000000000     , 19*0.000000000000000E+000  ,
 WNEND   =   100000.000000000     ,
 INTVOS  =           2,
 OSFIL   = osatoms.dat                                                 ,
 LISTWN  =           1,
 INWNFIL = wnlist.txt                                                  ,
 LOSRESL =           1,
 OSRESL  =   20000.0000000000     ,
 WNOS_FIRST      =   400.000000000000     ,
 WNOS_LAST       =   80000.0000000000     
 /
 End of call to subroutine OSWAVENUMBERS:
 The OS file will be written on file osatoms.dat                                                 
 There will be   52985 frequency points from wnos(1)=   400.00 to wnos(nwnos)= 79996.01 in the sampling file
 and  12 temperatures, which are:   1861.  1946.  2087.  2258.  2498.  2756.  3023.  3310.  3616.  3933.  4227.  4438. K
 &SAMPLING
 JDERIV  =           0,
 LINESC2H2_DIRECT        =           1,
 LHITR_C2H2      =           0,
 LINESHCN_DIRECT =           0,
 LHITR_HCN       =           0,
 LINESC3_DIRECT  =           1,
 WGT_ISO_H       =   1.00000000000000     ,   2.00000000000000     ,
 REL_ISO_H       =   1.00000000000000     ,  0.000000000000000E+000,
 KISO_H  =           1,
 WGT_ISO_C       =   12.0000000000000     ,   13.0000000000000     ,  0.000000000000000E+000,
 REL_ISO_C       =  0.988900000000000     ,  1.110000000000000E-002,  0.000000000000000E+000,
 KISO_C  =           2,
 LGVC2   =           0,
 LQC2_RED        =           1,
 WGT_ISO_N       =   14.0000000000000     ,   15.0000000000000     ,  0.000000000000000E+000,
 REL_ISO_N       =   1.00000000000000     , 2*0.000000000000000E+000  ,
 KISO_N  =           1,
 WGT_ISO_O       =   16.0000000000000     ,   17.0000000000000     ,   18.0000000000000     ,
 REL_ISO_O       =   1.00000000000000     , 2*0.000000000000000E+000  ,
 KISO_O  =           1,
 WGT_ISO_T       =   47.9400000000000     ,   45.9500000000000     ,   46.9500000000000     ,   48.9400000000000     ,
    49.9400000000000     ,
 REL_ISO_T       =  0.737000000000000     ,  8.250000000000000E-002,  7.450000000000000E-002,  5.400000000000000E-002,
   5.200000000000000E-002,
 KISO_T  =           5,
 FTIO    =  0.105000000000000     ,  0.176000000000000     ,  9.200000000000000E-002,  0.108000000000000     ,
   9.600000000000000E-002,  1.800000000000000E-002,  2.000000000000000E-003,
 WGT_ISO_S       =   28.0000000000000     ,   29.0000000000000     ,   30.0000000000000     ,  0.000000000000000E+000,
 REL_ISO_S       =  0.922300000000000     ,  4.670000000000000E-002,  3.100000000000000E-002,  0.000000000000000E+000,
 KISO_S  =           3,
 WGT_ISO_SI      = 3*0.000000000000000E+000  ,
 REL_ISO_SI      = 3*0.000000000000000E+000  ,
 KISO_SI =           0,
 WGT_ISO_FE      = 4*0.000000000000000E+000  ,
 REL_ISO_FE      = 4*0.000000000000000E+000  ,
 KISO_FE =           0,
 WGT_ISO_CR      = 4*0.000000000000000E+000  ,
 REL_ISO_CR      = 4*0.000000000000000E+000  ,
 KISO_CR =           0,
 WGT_ISO_MG      = 4*0.000000000000000E+000  ,
 REL_ISO_MG      = 4*0.000000000000000E+000  ,
 KISO_MG =           0
 /
 &INPUTOSMOL
 MOLID   = at1d,
 KTEMP   =          12,
 TMOL    =   1861.20000000000     ,   1945.90000000000     ,   2087.30000000000     ,   2257.60000000000     ,
    2497.60000000000     ,   2755.60000000000     ,   3023.40000000000     ,   3310.50000000000     ,   3616.10000000000     ,
    3932.90000000000     ,   4226.70000000000     ,   4438.00000000000     ,
 NWNOS   =       52985,
 VKMS    =   3.00000000000000     ,
 KISO    =           0,
 RELISO  = 5*0.000000000000000E+000  ,
 L_PER_STELLAR   =           1,
 LCHROM  =           0
 /
  time for initiation:    2.732585    
 nwnos,wnos(1),wnos(nwnos) =  52985   400. 79996.
 Temperature and sig_nu(t):
 1861. 1946. 2087. 2258. 2498. 2756. 3023. 3310. 3616. 3933. 4227. 4438.
  0.00002108  0.00002145  0.00002205  0.00002275  0.00002371  0.00002470
  0.00002568  0.00002669  0.00002773  0.00002877  0.00002970  0.00003035
 i,nr,nw,v0,wnos{nw,nw+1}=62992    152984  79995.450  79988.015  79996.014
 i,nr,nw,v0,wnos{nw,nw+1}=62993    252984  79994.605  79988.015  79996.014
 i,nr,nw,v0,wnos{nw,nw+1}=62994    352984  79994.151  79988.015  79996.014
 i,nr,nw,v0,wnos{nw,nw+1}=62995    452984  79994.016  79988.015  79996.014
 i,nr,nw,v0,wnos{nw,nw+1}=62996    552984  79993.057  79988.015  79996.014
       52985  lines succesfully written in os.dat 
  From   400.000000000000       to   79996.0140000000       cm^-1
sumop_m(sum OS-opacities*dw)t=1,kt in km/mol:
 1.548E+06 1.578E+06 1.630E+06 1.692E+06 1.780E+06 1.877E+06 1.981E+06 1.991E+06 2.072E+06 2.149E+06 2.212E+06 2.258E+06
sumop_l (i.e.sum of all line intensities on list) t=1,kt in km/mol:
 1.403E+17 1.403E+17 1.403E+17 1.402E+17 1.402E+17 1.402E+17 1.402E+17 1.401E+17 1.400E+17 1.398E+17 1.395E+17 1.392E+17
sumop_c(i.e. sum of lines inside OS-intervals) t=1,kt:
 1.403E+17 1.403E+17 1.403E+17 1.402E+17 1.402E+17 1.402E+17 1.402E+17 1.401E+17 1.400E+17 1.398E+17 1.395E+17 1.392E+17
  op(ktemp)/op(1):   1.45853751707705     
  op(ktemp)/op(1):  0.992523706136693     
  we read       904105  lines from line list
  we called opac_com       828519  times
      828519  lines contributed to opac
  on the average each line contributed to   11.44521      opac frequency points
  the average prof factor was  5.165671105930967E-002
  
  *** successfully termination of program *** 
 TOTAL TIME SPENT =      787.7 seconds
